0:0:0:0:0:0:0:1 - - [12/Apr/2018:09:17:58 +0800] "GET /demo/fan HTTP/1.1" 200 2697
0:0:0:0:0:0:0:1 - - [12/Apr/2018:09:17:58 +0800] "GET /resources/css/userpanel.css HTTP/1.1" 304 -
0:0:0:0:0:0:0:1 - - [12/Apr/2018:09:17:58 +0800] "GET /resources/css/style_log.css HTTP/1.1" 304 -
0:0:0:0:0:0:0:1 - - [12/Apr/2018:09:17:58 +0800] "GET /resources/css/jquery.ui.all.css HTTP/1.1" 304 -
0:0:0:0:0:0:0:1 - - [12/Apr/2018:09:17:58 +0800] "GET /resources/css/login_style.css HTTP/1.1" 304 -
0:0:0:0:0:0:0:1 - - [12/Apr/2018:09:17:58 +0800] "GET /resources/css/jquery.ui.theme.css HTTP/1.1" 404 148
0:0:0:0:0:0:0:1 - - [12/Apr/2018:09:17:58 +0800] "GET /resources/css/jquery.ui.base.css HTTP/1.1" 404 147
0:0:0:0:0:0:0:1 - - [12/Apr/2018:09:17:58 +0800] "GET /resources/imgs/txt_input_bg.gif HTTP/1.1" 404 146
0:0:0:0:0:0:0:1 - - [12/Apr/2018:09:17:58 +0800] "GET /resources/imgs/site_bg.png HTTP/1.1" 304 -
0:0:0:0:0:0:0:1 - - [12/Apr/2018:09:17:58 +0800] "GET /resources/imgs/login_bgx.png HTTP/1.1" 304 -
0:0:0:0:0:0:0:1 - - [12/Apr/2018:09:17:58 +0800] "GET /resources/imgs/login_m_bg.png HTTP/1.1" 304 -
0:0:0:0:0:0:0:1 - - [12/Apr/2018:09:18:02 +0800] "GET /demo/fan HTTP/1.1" 200 2697
0:0:0:0:0:0:0:1 - - [12/Apr/2018:09:18:02 +0800] "GET /resources/css/jquery.ui.base.css HTTP/1.1" 404 147
0:0:0:0:0:0:0:1 - - [12/Apr/2018:09:18:02 +0800] "GET /resources/css/jquery.ui.theme.css HTTP/1.1" 404 143
0:0:0:0:0:0:0:1 - - [12/Apr/2018:09:21:03 +0800] "GET /demo/fan HTTP/1.1" 200 2697
0:0:0:0:0:0:0:1 - - [12/Apr/2018:09:21:03 +0800] "GET /resources/css/jquery.ui.base.css HTTP/1.1" 404 147
0:0:0:0:0:0:0:1 - - [12/Apr/2018:09:21:03 +0800] "GET /resources/css/jquery.ui.theme.css HTTP/1.1" 404 148
0:0:0:0:0:0:0:1 - - [12/Apr/2018:09:21:03 +0800] "GET /favicon.ico HTTP/1.1" 200 946
0:0:0:0:0:0:0:1 - - [12/Apr/2018:09:21:05 +0800] "GET /demo/fan HTTP/1.1" 200 2697
0:0:0:0:0:0:0:1 - - [12/Apr/2018:09:21:05 +0800] "GET /resources/css/jquery.ui.base.css HTTP/1.1" 404 147
0:0:0:0:0:0:0:1 - - [12/Apr/2018:09:21:05 +0800] "GET /resources/css/jquery.ui.theme.css HTTP/1.1" 404 148
0:0:0:0:0:0:0:1 - - [12/Apr/2018:09:21:05 +0800] "GET /favicon.ico HTTP/1.1" 200 946
0:0:0:0:0:0:0:1 - - [12/Apr/2018:09:21:11 +0800] "GET /resources/css/jquery.ui.theme.css HTTP/1.1" 404 148
0:0:0:0:0:0:0:1 - - [12/Apr/2018:09:21:11 +0800] "GET /resources/css/jquery.ui.base.css HTTP/1.1" 404 147
0:0:0:0:0:0:0:1 - - [12/Apr/2018:09:21:19 +0800] "GET /demo/fan HTTP/1.1" 200 2697
0:0:0:0:0:0:0:1 - - [12/Apr/2018:09:21:19 +0800] "GET /resources/css/login_style.css HTTP/1.1" 200 15563
0:0:0:0:0:0:0:1 - - [12/Apr/2018:09:21:19 +0800] "GET /resources/css/jquery.ui.all.css HTTP/1.1" 200 291
0:0:0:0:0:0:0:1 - - [12/Apr/2018:09:21:19 +0800] "GET /resources/css/jquery.ui.theme.css HTTP/1.1" 404 148
0:0:0:0:0:0:0:1 - - [12/Apr/2018:09:21:19 +0800] "GET /resources/css/jquery.ui.base.css HTTP/1.1" 404 147
0:0:0:0:0:0:0:1 - - [12/Apr/2018:09:21:19 +0800] "GET /resources/css/style_log.css HTTP/1.1" 200 12383
0:0:0:0:0:0:0:1 - - [12/Apr/2018:09:21:19 +0800] "GET /resources/css/userpanel.css HTTP/1.1" 200 20996
0:0:0:0:0:0:0:1 - - [12/Apr/2018:09:21:19 +0800] "GET /resources/imgs/txt_input_bg.gif HTTP/1.1" 404 146
0:0:0:0:0:0:0:1 - - [12/Apr/2018:09:21:19 +0800] "GET /resources/imgs/site_bg.png HTTP/1.1" 200 52444
0:0:0:0:0:0:0:1 - - [12/Apr/2018:09:21:19 +0800] "GET /resources/imgs/login_bgx.png HTTP/1.1" 200 38831
0:0:0:0:0:0:0:1 - - [12/Apr/2018:09:21:19 +0800] "GET /resources/imgs/login_m_bg.png HTTP/1.1" 200 2886
0:0:0:0:0:0:0:1 - - [12/Apr/2018:09:22:20 +0800] "GET /demo/fan HTTP/1.1" 200 2697
0:0:0:0:0:0:0:1 - - [12/Apr/2018:09:22:20 +0800] "GET /resources/css/login_style.css HTTP/1.1" 200 15521
0:0:0:0:0:0:0:1 - - [12/Apr/2018:09:22:20 +0800] "GET /resources/css/jquery.ui.base.css HTTP/1.1" 404 147
0:0:0:0:0:0:0:1 - - [12/Apr/2018:09:22:20 +0800] "GET /resources/css/jquery.ui.theme.css HTTP/1.1" 404 148
0:0:0:0:0:0:0:1 - - [12/Apr/2018:09:22:21 +0800] "GET /resources/imgs/txt_input_bg.gif HTTP/1.1" 404 146
0:0:0:0:0:0:0:1 - - [12/Apr/2018:09:22:24 +0800] "GET /demo/fan HTTP/1.1" 200 2697
0:0:0:0:0:0:0:1 - - [12/Apr/2018:09:22:24 +0800] "GET /resources/css/login_style.css HTTP/1.1" 200 15521
0:0:0:0:0:0:0:1 - - [12/Apr/2018:09:22:24 +0800] "GET /resources/css/jquery.ui.all.css HTTP/1.1" 200 291
0:0:0:0:0:0:0:1 - - [12/Apr/2018:09:22:24 +0800] "GET /resources/css/style_log.css HTTP/1.1" 200 12425
0:0:0:0:0:0:0:1 - - [12/Apr/2018:09:22:24 +0800] "GET /resources/css/userpanel.css HTTP/1.1" 200 20996
0:0:0:0:0:0:0:1 - - [12/Apr/2018:09:22:24 +0800] "GET /resources/css/jquery.ui.base.css HTTP/1.1" 404 147
0:0:0:0:0:0:0:1 - - [12/Apr/2018:09:22:24 +0800] "GET /resources/css/jquery.ui.theme.css HTTP/1.1" 404 148
0:0:0:0:0:0:0:1 - - [12/Apr/2018:09:22:24 +0800] "GET /resources/imgs/login_m_bg.png HTTP/1.1" 200 2886
0:0:0:0:0:0:0:1 - - [12/Apr/2018:09:22:24 +0800] "GET /resources/imgs/site_bg.png HTTP/1.1" 200 52444
0:0:0:0:0:0:0:1 - - [12/Apr/2018:09:22:24 +0800] "GET /resources/imgs/login_bgx.png HTTP/1.1" 200 38831
0:0:0:0:0:0:0:1 - - [12/Apr/2018:09:22:24 +0800] "GET /resources/imgs/txt_input_bg.gif HTTP/1.1" 404 146
0:0:0:0:0:0:0:1 - - [12/Apr/2018:09:22:25 +0800] "GET /demo/fan HTTP/1.1" 200 2697
0:0:0:0:0:0:0:1 - - [12/Apr/2018:09:22:25 +0800] "GET /resources/css/login_style.css HTTP/1.1" 200 15521
0:0:0:0:0:0:0:1 - - [12/Apr/2018:09:22:25 +0800] "GET /resources/css/style_log.css HTTP/1.1" 200 12425
0:0:0:0:0:0:0:1 - - [12/Apr/2018:09:22:25 +0800] "GET /resources/css/userpanel.css HTTP/1.1" 200 20996
0:0:0:0:0:0:0:1 - - [12/Apr/2018:09:22:25 +0800] "GET /resources/css/jquery.ui.all.css HTTP/1.1" 200 291
0:0:0:0:0:0:0:1 - - [12/Apr/2018:09:22:25 +0800] "GET /resources/css/jquery.ui.base.css HTTP/1.1" 404 147
0:0:0:0:0:0:0:1 - - [12/Apr/2018:09:22:25 +0800] "GET /resources/css/jquery.ui.theme.css HTTP/1.1" 404 148
0:0:0:0:0:0:0:1 - - [12/Apr/2018:09:22:25 +0800] "GET /resources/imgs/site_bg.png HTTP/1.1" 200 52444
0:0:0:0:0:0:0:1 - - [12/Apr/2018:09:22:25 +0800] "GET /resources/imgs/login_m_bg.png HTTP/1.1" 200 2886
0:0:0:0:0:0:0:1 - - [12/Apr/2018:09:22:25 +0800] "GET /resources/imgs/login_bgx.png HTTP/1.1" 200 38831
0:0:0:0:0:0:0:1 - - [12/Apr/2018:09:22:25 +0800] "GET /resources/imgs/txt_input_bg.gif HTTP/1.1" 404 146
0:0:0:0:0:0:0:1 - - [12/Apr/2018:09:22:26 +0800] "GET /demo/fan HTTP/1.1" 200 2697
0:0:0:0:0:0:0:1 - - [12/Apr/2018:09:22:26 +0800] "GET /resources/css/style_log.css HTTP/1.1" 200 12425
0:0:0:0:0:0:0:1 - - [12/Apr/2018:09:22:26 +0800] "GET /resources/css/userpanel.css HTTP/1.1" 200 20996
0:0:0:0:0:0:0:1 - - [12/Apr/2018:09:22:26 +0800] "GET /resources/css/jquery.ui.all.css HTTP/1.1" 200 291
0:0:0:0:0:0:0:1 - - [12/Apr/2018:09:22:26 +0800] "GET /resources/css/login_style.css HTTP/1.1" 200 15521
0:0:0:0:0:0:0:1 - - [12/Apr/2018:09:22:26 +0800] "GET /resources/css/jquery.ui.base.css HTTP/1.1" 404 147
0:0:0:0:0:0:0:1 - - [12/Apr/2018:09:22:26 +0800] "GET /resources/css/jquery.ui.theme.css HTTP/1.1" 404 148
0:0:0:0:0:0:0:1 - - [12/Apr/2018:09:22:26 +0800] "GET /resources/imgs/site_bg.png HTTP/1.1" 200 52444
0:0:0:0:0:0:0:1 - - [12/Apr/2018:09:22:26 +0800] "GET /resources/imgs/login_m_bg.png HTTP/1.1" 200 2886
0:0:0:0:0:0:0:1 - - [12/Apr/2018:09:22:26 +0800] "GET /resources/imgs/txt_input_bg.gif HTTP/1.1" 404 146
0:0:0:0:0:0:0:1 - - [12/Apr/2018:09:22:26 +0800] "GET /resources/imgs/login_bgx.png HTTP/1.1" 200 38831
0:0:0:0:0:0:0:1 - - [12/Apr/2018:09:22:36 +0800] "GET /demo/fan HTTP/1.1" 200 2697
0:0:0:0:0:0:0:1 - - [12/Apr/2018:09:22:36 +0800] "GET /resources/css/login_style.css HTTP/1.1" 200 15521
0:0:0:0:0:0:0:1 - - [12/Apr/2018:09:22:36 +0800] "GET /resources/css/style_log.css HTTP/1.1" 200 12425
0:0:0:0:0:0:0:1 - - [12/Apr/2018:09:22:36 +0800] "GET /resources/css/jquery.ui.all.css HTTP/1.1" 200 291
0:0:0:0:0:0:0:1 - - [12/Apr/2018:09:22:36 +0800] "GET /resources/css/userpanel.css HTTP/1.1" 200 20996
0:0:0:0:0:0:0:1 - - [12/Apr/2018:09:22:36 +0800] "GET /resources/css/jquery.ui.theme.css HTTP/1.1" 404 148
0:0:0:0:0:0:0:1 - - [12/Apr/2018:09:22:36 +0800] "GET /resources/css/jquery.ui.base.css HTTP/1.1" 404 147
0:0:0:0:0:0:0:1 - - [12/Apr/2018:09:22:36 +0800] "GET /resources/imgs/login_bgx.png HTTP/1.1" 200 38831
0:0:0:0:0:0:0:1 - - [12/Apr/2018:09:22:36 +0800] "GET /resources/imgs/site_bg.png HTTP/1.1" 200 52444
0:0:0:0:0:0:0:1 - - [12/Apr/2018:09:22:36 +0800] "GET /resources/imgs/login_m_bg.png HTTP/1.1" 200 2886
0:0:0:0:0:0:0:1 - - [12/Apr/2018:09:22:36 +0800] "GET /resources/imgs/txt_input_bg.gif HTTP/1.1" 404 146
0:0:0:0:0:0:0:1 - - [12/Apr/2018:09:23:05 +0800] "GET /demo/fan HTTP/1.1" 200 2697
0:0:0:0:0:0:0:1 - - [12/Apr/2018:09:23:05 +0800] "GET /resources/css/login_style.css HTTP/1.1" 304 -
0:0:0:0:0:0:0:1 - - [12/Apr/2018:09:23:05 +0800] "GET /resources/css/style_log.css HTTP/1.1" 200 12425
0:0:0:0:0:0:0:1 - - [12/Apr/2018:09:23:05 +0800] "GET /resources/css/jquery.ui.theme.css HTTP/1.1" 404 148
0:0:0:0:0:0:0:1 - - [12/Apr/2018:09:23:05 +0800] "GET /resources/css/jquery.ui.base.css HTTP/1.1" 404 147
0:0:0:0:0:0:0:1 - - [12/Apr/2018:09:23:05 +0800] "GET /resources/imgs/txt_input_bg.gif HTTP/1.1" 404 146
0:0:0:0:0:0:0:1 - - [12/Apr/2018:09:23:05 +0800] "GET /favicon.ico HTTP/1.1" 200 946
0:0:0:0:0:0:0:1 - - [12/Apr/2018:09:26:56 +0800] "GET / HTTP/1.1" 404 306
0:0:0:0:0:0:0:1 - - [12/Apr/2018:09:27:13 +0800] "GET / HTTP/1.1" 404 306
0:0:0:0:0:0:0:1 - - [12/Apr/2018:09:30:44 +0800] "GET /login/login HTTP/1.1" 404 306
0:0:0:0:0:0:0:1 - - [12/Apr/2018:09:30:44 +0800] "GET /favicon.ico HTTP/1.1" 200 946
0:0:0:0:0:0:0:1 - - [12/Apr/2018:09:30:47 +0800] "GET / HTTP/1.1" 302 -
0:0:0:0:0:0:0:1 - - [12/Apr/2018:09:30:47 +0800] "GET /login HTTP/1.1" 200 4517
0:0:0:0:0:0:0:1 - - [12/Apr/2018:09:30:48 +0800] "GET /resources/css/login_style.css HTTP/1.1" 304 -
0:0:0:0:0:0:0:1 - - [12/Apr/2018:09:30:48 +0800] "GET /resources/css/style_log.css HTTP/1.1" 304 -
0:0:0:0:0:0:0:1 - - [12/Apr/2018:09:30:48 +0800] "GET /resources/css/page.css HTTP/1.1" 304 -
0:0:0:0:0:0:0:1 - - [12/Apr/2018:09:30:48 +0800] "GET /resources/js/common.js HTTP/1.1" 304 -
0:0:0:0:0:0:0:1 - - [12/Apr/2018:09:30:48 +0800] "GET /resources/css/font/iconfont.css HTTP/1.1" 304 -
0:0:0:0:0:0:0:1 - - [12/Apr/2018:09:30:48 +0800] "GET /resources/css/style.css HTTP/1.1" 304 -
0:0:0:0:0:0:0:1 - - [12/Apr/2018:09:30:48 +0800] "GET /resources/imgs/logo-white.png HTTP/1.1" 304 -
0:0:0:0:0:0:0:1 - - [12/Apr/2018:09:30:48 +0800] "GET /resources/js/common/jquery-3.2.1.min.js HTTP/1.1" 304 -
0:0:0:0:0:0:0:1 - - [12/Apr/2018:09:30:48 +0800] "GET /resources/imgs/bg-login-title.png HTTP/1.1" 304 -
0:0:0:0:0:0:0:1 - - [12/Apr/2018:09:30:48 +0800] "GET /resources/css/jquery.ui.theme.css HTTP/1.1" 404 148
0:0:0:0:0:0:0:1 - - [12/Apr/2018:09:30:48 +0800] "GET /resources/imgs/txt_input_bg.gif HTTP/1.1" 404 146
0:0:0:0:0:0:0:1 - - [12/Apr/2018:09:30:48 +0800] "GET /resources/css/jquery.ui.base.css HTTP/1.1" 404 147
0:0:0:0:0:0:0:1 - - [12/Apr/2018:09:32:58 +0800] "GET / HTTP/1.1" 302 -
0:0:0:0:0:0:0:1 - - [12/Apr/2018:09:32:58 +0800] "GET /login HTTP/1.1" 200 2697
0:0:0:0:0:0:0:1 - - [12/Apr/2018:09:32:58 +0800] "GET /resources/css/login_style.css HTTP/1.1" 304 -
0:0:0:0:0:0:0:1 - - [12/Apr/2018:09:32:58 +0800] "GET /resources/css/style_log.css HTTP/1.1" 304 -
0:0:0:0:0:0:0:1 - - [12/Apr/2018:09:32:58 +0800] "GET /resources/css/jquery.ui.base.css HTTP/1.1" 404 147
0:0:0:0:0:0:0:1 - - [12/Apr/2018:09:32:58 +0800] "GET /resources/css/jquery.ui.theme.css HTTP/1.1" 404 148
0:0:0:0:0:0:0:1 - - [12/Apr/2018:09:32:58 +0800] "GET /resources/imgs/txt_input_bg.gif HTTP/1.1" 404 146
0:0:0:0:0:0:0:1 - - [12/Apr/2018:09:33:01 +0800] "GET / HTTP/1.1" 302 -
0:0:0:0:0:0:0:1 - - [12/Apr/2018:09:33:01 +0800] "GET /login HTTP/1.1" 200 2697
0:0:0:0:0:0:0:1 - - [12/Apr/2018:09:33:01 +0800] "GET /resources/css/jquery.ui.theme.css HTTP/1.1" 404 148
0:0:0:0:0:0:0:1 - - [12/Apr/2018:09:33:01 +0800] "GET /resources/css/jquery.ui.base.css HTTP/1.1" 404 147
0:0:0:0:0:0:0:1 - - [12/Apr/2018:09:33:04 +0800] "GET / HTTP/1.1" 302 -
0:0:0:0:0:0:0:1 - - [12/Apr/2018:09:33:04 +0800] "GET /login HTTP/1.1" 200 2697
0:0:0:0:0:0:0:1 - - [12/Apr/2018:09:33:04 +0800] "GET /resources/css/jquery.ui.theme.css HTTP/1.1" 404 148
0:0:0:0:0:0:0:1 - - [12/Apr/2018:09:33:04 +0800] "GET /resources/css/jquery.ui.base.css HTTP/1.1" 404 147
0:0:0:0:0:0:0:1 - - [12/Apr/2018:09:33:53 +0800] "GET /login HTTP/1.1" 200 2520
0:0:0:0:0:0:0:1 - - [12/Apr/2018:09:33:53 +0800] "GET /resources/css/jquery.ui.theme.css HTTP/1.1" 404 148
0:0:0:0:0:0:0:1 - - [12/Apr/2018:09:33:53 +0800] "GET /resources/css/jquery.ui.base.css HTTP/1.1" 404 147
0:0:0:0:0:0:0:1 - - [12/Apr/2018:09:33:53 +0800] "GET /favicon.ico HTTP/1.1" 200 946
0:0:0:0:0:0:0:1 - - [12/Apr/2018:09:34:17 +0800] "GET /resources/css/login_style.css HTTP/1.1" 304 -
0:0:0:0:0:0:0:1 - - [12/Apr/2018:09:34:17 +0800] "GET /resources/css/style_log.css HTTP/1.1" 304 -
0:0:0:0:0:0:0:1 - - [12/Apr/2018:09:34:17 +0800] "GET /resources/css/jquery.ui.base.css HTTP/1.1" 404 147
0:0:0:0:0:0:0:1 - - [12/Apr/2018:09:34:17 +0800] "GET /resources/css/jquery.ui.theme.css HTTP/1.1" 404 148
0:0:0:0:0:0:0:1 - - [12/Apr/2018:09:34:44 +0800] "GET /login HTTP/1.1" 200 2367
0:0:0:0:0:0:0:1 - - [12/Apr/2018:09:34:44 +0800] "GET /resources/css/jquery.ui.base.css HTTP/1.1" 404 147
0:0:0:0:0:0:0:1 - - [12/Apr/2018:09:34:44 +0800] "GET /resources/css/jquery.ui.theme.css HTTP/1.1" 404 148
0:0:0:0:0:0:0:1 - - [12/Apr/2018:09:34:49 +0800] "GET /login HTTP/1.1" 200 2490
0:0:0:0:0:0:0:1 - - [12/Apr/2018:09:34:49 +0800] "GET /resources/css/jquery.ui.theme.css HTTP/1.1" 404 148
0:0:0:0:0:0:0:1 - - [12/Apr/2018:09:34:49 +0800] "GET /resources/css/jquery.ui.base.css HTTP/1.1" 404 147
0:0:0:0:0:0:0:1 - - [12/Apr/2018:09:34:59 +0800] "GET /login HTTP/1.1" 200 2372
0:0:0:0:0:0:0:1 - - [12/Apr/2018:09:34:59 +0800] "GET /resources/css/jquery.ui.base.css HTTP/1.1" 404 147
0:0:0:0:0:0:0:1 - - [12/Apr/2018:09:34:59 +0800] "GET /resources/css/jquery.ui.theme.css HTTP/1.1" 404 148
0:0:0:0:0:0:0:1 - - [12/Apr/2018:09:35:00 +0800] "GET /login HTTP/1.1" 200 2372
0:0:0:0:0:0:0:1 - - [12/Apr/2018:09:35:00 +0800] "GET /resources/css/jquery.ui.theme.css HTTP/1.1" 404 148
0:0:0:0:0:0:0:1 - - [12/Apr/2018:09:35:00 +0800] "GET /resources/css/jquery.ui.base.css HTTP/1.1" 404 147
0:0:0:0:0:0:0:1 - - [12/Apr/2018:09:35:04 +0800] "GET /login HTTP/1.1" 200 2372
0:0:0:0:0:0:0:1 - - [12/Apr/2018:09:35:04 +0800] "GET /resources/css/style_log.css HTTP/1.1" 200 12425
0:0:0:0:0:0:0:1 - - [12/Apr/2018:09:35:04 +0800] "GET /resources/css/login_style.css HTTP/1.1" 200 15521
0:0:0:0:0:0:0:1 - - [12/Apr/2018:09:35:04 +0800] "GET /resources/css/jquery.ui.all.css HTTP/1.1" 200 291
0:0:0:0:0:0:0:1 - - [12/Apr/2018:09:35:04 +0800] "GET /resources/css/userpanel.css HTTP/1.1" 200 20996
0:0:0:0:0:0:0:1 - - [12/Apr/2018:09:35:04 +0800] "GET /resources/css/jquery.ui.theme.css HTTP/1.1" 404 148
0:0:0:0:0:0:0:1 - - [12/Apr/2018:09:35:04 +0800] "GET /resources/css/jquery.ui.base.css HTTP/1.1" 404 147
0:0:0:0:0:0:0:1 - - [12/Apr/2018:09:35:05 +0800] "GET /resources/imgs/login_bgx.png HTTP/1.1" 200 38831
0:0:0:0:0:0:0:1 - - [12/Apr/2018:09:35:05 +0800] "GET /resources/imgs/login_m_bg.png HTTP/1.1" 200 2886
0:0:0:0:0:0:0:1 - - [12/Apr/2018:09:35:05 +0800] "GET /resources/imgs/site_bg.png HTTP/1.1" 200 52444
0:0:0:0:0:0:0:1 - - [12/Apr/2018:09:35:05 +0800] "GET /resources/imgs/txt_input_bg.gif HTTP/1.1" 404 146
0:0:0:0:0:0:0:1 - - [12/Apr/2018:09:35:11 +0800] "GET /login HTTP/1.1" 200 2490
0:0:0:0:0:0:0:1 - - [12/Apr/2018:09:35:11 +0800] "GET /resources/imgs/txt_input_bg.gif HTTP/1.1" 404 146
0:0:0:0:0:0:0:1 - - [12/Apr/2018:09:35:11 +0800] "GET /resources/css/jquery.ui.base.css HTTP/1.1" 404 147
0:0:0:0:0:0:0:1 - - [12/Apr/2018:09:35:11 +0800] "GET /resources/css/jquery.ui.theme.css HTTP/1.1" 404 148
0:0:0:0:0:0:0:1 - - [12/Apr/2018:09:35:17 +0800] "GET /login HTTP/1.1" 200 2249
0:0:0:0:0:0:0:1 - - [12/Apr/2018:09:35:17 +0800] "GET /resources/css/jquery.ui.base.css HTTP/1.1" 404 147
0:0:0:0:0:0:0:1 - - [12/Apr/2018:09:35:17 +0800] "GET /resources/css/jquery.ui.theme.css HTTP/1.1" 404 148
0:0:0:0:0:0:0:1 - - [12/Apr/2018:09:35:17 +0800] "GET /login HTTP/1.1" 200 2249
0:0:0:0:0:0:0:1 - - [12/Apr/2018:09:35:17 +0800] "GET /resources/css/jquery.ui.theme.css HTTP/1.1" 404 148
0:0:0:0:0:0:0:1 - - [12/Apr/2018:09:35:17 +0800] "GET /resources/css/jquery.ui.base.css HTTP/1.1" 404 147
0:0:0:0:0:0:0:1 - - [12/Apr/2018:09:35:18 +0800] "GET /login HTTP/1.1" 200 2249
0:0:0:0:0:0:0:1 - - [12/Apr/2018:09:35:18 +0800] "GET /resources/css/jquery.ui.theme.css HTTP/1.1" 404 148
0:0:0:0:0:0:0:1 - - [12/Apr/2018:09:35:18 +0800] "GET /resources/css/jquery.ui.base.css HTTP/1.1" 404 147
0:0:0:0:0:0:0:1 - - [12/Apr/2018:09:35:18 +0800] "GET /login HTTP/1.1" 200 2249
0:0:0:0:0:0:0:1 - - [12/Apr/2018:09:35:18 +0800] "GET /resources/css/jquery.ui.base.css HTTP/1.1" 404 147
0:0:0:0:0:0:0:1 - - [12/Apr/2018:09:35:18 +0800] "GET /resources/css/jquery.ui.theme.css HTTP/1.1" 404 148
0:0:0:0:0:0:0:1 - - [12/Apr/2018:09:35:18 +0800] "GET /login HTTP/1.1" 200 2249
0:0:0:0:0:0:0:1 - - [12/Apr/2018:09:35:18 +0800] "GET /resources/css/jquery.ui.base.css HTTP/1.1" 404 147
0:0:0:0:0:0:0:1 - - [12/Apr/2018:09:35:18 +0800] "GET /resources/css/jquery.ui.theme.css HTTP/1.1" 404 148
0:0:0:0:0:0:0:1 - - [12/Apr/2018:09:35:18 +0800] "GET /login HTTP/1.1" 200 2249
0:0:0:0:0:0:0:1 - - [12/Apr/2018:09:35:18 +0800] "GET /resources/css/jquery.ui.theme.css HTTP/1.1" 404 148
0:0:0:0:0:0:0:1 - - [12/Apr/2018:09:35:18 +0800] "GET /resources/css/jquery.ui.base.css HTTP/1.1" 404 147
0:0:0:0:0:0:0:1 - - [12/Apr/2018:09:35:18 +0800] "GET /login HTTP/1.1" 200 2249
0:0:0:0:0:0:0:1 - - [12/Apr/2018:09:35:18 +0800] "GET /resources/css/jquery.ui.base.css HTTP/1.1" 404 147
0:0:0:0:0:0:0:1 - - [12/Apr/2018:09:35:18 +0800] "GET /resources/css/jquery.ui.theme.css HTTP/1.1" 404 148
0:0:0:0:0:0:0:1 - - [12/Apr/2018:09:35:18 +0800] "GET /login HTTP/1.1" 200 2249
0:0:0:0:0:0:0:1 - - [12/Apr/2018:09:35:18 +0800] "GET /resources/css/jquery.ui.base.css HTTP/1.1" 404 147
0:0:0:0:0:0:0:1 - - [12/Apr/2018:09:35:18 +0800] "GET /resources/css/jquery.ui.theme.css HTTP/1.1" 404 148
0:0:0:0:0:0:0:1 - - [12/Apr/2018:09:35:19 +0800] "GET /login HTTP/1.1" 200 2249
0:0:0:0:0:0:0:1 - - [12/Apr/2018:09:35:19 +0800] "GET /resources/css/jquery.ui.base.css HTTP/1.1" 404 147
0:0:0:0:0:0:0:1 - - [12/Apr/2018:09:35:19 +0800] "GET /resources/css/jquery.ui.theme.css HTTP/1.1" 404 148
0:0:0:0:0:0:0:1 - - [12/Apr/2018:09:35:19 +0800] "GET /login HTTP/1.1" 200 2249
0:0:0:0:0:0:0:1 - - [12/Apr/2018:09:35:19 +0800] "GET /resources/css/jquery.ui.base.css HTTP/1.1" 404 147
0:0:0:0:0:0:0:1 - - [12/Apr/2018:09:35:19 +0800] "GET /resources/css/jquery.ui.theme.css HTTP/1.1" 404 148
0:0:0:0:0:0:0:1 - - [12/Apr/2018:09:35:19 +0800] "GET /login HTTP/1.1" 200 2249
0:0:0:0:0:0:0:1 - - [12/Apr/2018:09:35:19 +0800] "GET /resources/css/jquery.ui.theme.css HTTP/1.1" 404 148
0:0:0:0:0:0:0:1 - - [12/Apr/2018:09:35:19 +0800] "GET /resources/css/jquery.ui.base.css HTTP/1.1" 404 147
0:0:0:0:0:0:0:1 - - [12/Apr/2018:09:35:20 +0800] "GET /login HTTP/1.1" 200 2249
0:0:0:0:0:0:0:1 - - [12/Apr/2018:09:35:20 +0800] "GET /resources/css/login_style.css HTTP/1.1" 200 15521
0:0:0:0:0:0:0:1 - - [12/Apr/2018:09:35:20 +0800] "GET /resources/css/style_log.css HTTP/1.1" 200 12425
0:0:0:0:0:0:0:1 - - [12/Apr/2018:09:35:20 +0800] "GET /resources/css/userpanel.css HTTP/1.1" 200 20996
0:0:0:0:0:0:0:1 - - [12/Apr/2018:09:35:20 +0800] "GET /resources/css/jquery.ui.all.css HTTP/1.1" 200 291
0:0:0:0:0:0:0:1 - - [12/Apr/2018:09:35:20 +0800] "GET /resources/css/jquery.ui.base.css HTTP/1.1" 404 147
0:0:0:0:0:0:0:1 - - [12/Apr/2018:09:35:20 +0800] "GET /resources/css/jquery.ui.theme.css HTTP/1.1" 404 148
0:0:0:0:0:0:0:1 - - [12/Apr/2018:09:35:20 +0800] "GET /resources/imgs/login_m_bg.png HTTP/1.1" 200 2886
0:0:0:0:0:0:0:1 - - [12/Apr/2018:09:35:20 +0800] "GET /resources/imgs/site_bg.png HTTP/1.1" 200 52444
0:0:0:0:0:0:0:1 - - [12/Apr/2018:09:35:20 +0800] "GET /resources/imgs/login_bgx.png HTTP/1.1" 200 38831
0:0:0:0:0:0:0:1 - - [12/Apr/2018:09:35:20 +0800] "GET /resources/imgs/txt_input_bg.gif HTTP/1.1" 404 146
0:0:0:0:0:0:0:1 - - [12/Apr/2018:09:35:21 +0800] "GET /login HTTP/1.1" 200 2249
0:0:0:0:0:0:0:1 - - [12/Apr/2018:09:35:21 +0800] "GET /resources/css/style_log.css HTTP/1.1" 200 12425
0:0:0:0:0:0:0:1 - - [12/Apr/2018:09:35:21 +0800] "GET /resources/css/jquery.ui.all.css HTTP/1.1" 200 291
0:0:0:0:0:0:0:1 - - [12/Apr/2018:09:35:21 +0800] "GET /resources/css/login_style.css HTTP/1.1" 200 15521
0:0:0:0:0:0:0:1 - - [12/Apr/2018:09:35:21 +0800] "GET /resources/css/userpanel.css HTTP/1.1" 200 20996
0:0:0:0:0:0:0:1 - - [12/Apr/2018:09:35:21 +0800] "GET /resources/css/jquery.ui.theme.css HTTP/1.1" 404 148
0:0:0:0:0:0:0:1 - - [12/Apr/2018:09:35:21 +0800] "GET /resources/css/jquery.ui.base.css HTTP/1.1" 404 147
0:0:0:0:0:0:0:1 - - [12/Apr/2018:09:35:22 +0800] "GET /resources/imgs/login_bgx.png HTTP/1.1" 200 38831
0:0:0:0:0:0:0:1 - - [12/Apr/2018:09:35:22 +0800] "GET /resources/imgs/login_m_bg.png HTTP/1.1" 200 2886
0:0:0:0:0:0:0:1 - - [12/Apr/2018:09:35:22 +0800] "GET /resources/imgs/site_bg.png HTTP/1.1" 200 52444
0:0:0:0:0:0:0:1 - - [12/Apr/2018:09:35:22 +0800] "GET /resources/imgs/txt_input_bg.gif HTTP/1.1" 404 146
0:0:0:0:0:0:0:1 - - [12/Apr/2018:09:35:22 +0800] "GET /login HTTP/1.1" 200 2249
0:0:0:0:0:0:0:1 - - [12/Apr/2018:09:35:22 +0800] "GET /resources/css/style_log.css HTTP/1.1" 200 12425
0:0:0:0:0:0:0:1 - - [12/Apr/2018:09:35:22 +0800] "GET /resources/css/userpanel.css HTTP/1.1" 200 20996
0:0:0:0:0:0:0:1 - - [12/Apr/2018:09:35:22 +0800] "GET /resources/css/jquery.ui.all.css HTTP/1.1" 200 291
0:0:0:0:0:0:0:1 - - [12/Apr/2018:09:35:22 +0800] "GET /resources/css/login_style.css HTTP/1.1" 200 15521
0:0:0:0:0:0:0:1 - - [12/Apr/2018:09:35:22 +0800] "GET /resources/css/jquery.ui.base.css HTTP/1.1" 404 147
0:0:0:0:0:0:0:1 - - [12/Apr/2018:09:35:22 +0800] "GET /resources/css/jquery.ui.theme.css HTTP/1.1" 404 148
0:0:0:0:0:0:0:1 - - [12/Apr/2018:09:35:22 +0800] "GET /resources/imgs/login_bgx.png HTTP/1.1" 200 38831
0:0:0:0:0:0:0:1 - - [12/Apr/2018:09:35:22 +0800] "GET /resources/imgs/login_m_bg.png HTTP/1.1" 200 2886
0:0:0:0:0:0:0:1 - - [12/Apr/2018:09:35:22 +0800] "GET /resources/imgs/site_bg.png HTTP/1.1" 200 52444
0:0:0:0:0:0:0:1 - - [12/Apr/2018:09:35:22 +0800] "GET /resources/imgs/txt_input_bg.gif HTTP/1.1" 404 146
