0:0:0:0:0:0:0:1 - - [11/Apr/2018:15:20:59 +0800] "GET /demo/fan HTTP/1.1" 200 217
0:0:0:0:0:0:0:1 - - [11/Apr/2018:15:22:39 +0800] "GET /demo/fan HTTP/1.1" 200 217
0:0:0:0:0:0:0:1 - - [11/Apr/2018:15:33:54 +0800] "GET /demo/fan HTTP/1.1" 200 217
0:0:0:0:0:0:0:1 - - [11/Apr/2018:15:34:47 +0800] "GET /demo/fan HTTP/1.1" 200 5536
0:0:0:0:0:0:0:1 - - [11/Apr/2018:15:42:13 +0800] "GET /demo/fan HTTP/1.1" 200 2220
0:0:0:0:0:0:0:1 - - [11/Apr/2018:15:42:13 +0800] "GET /resources/css/page.css HTTP/1.1" 200 1838
0:0:0:0:0:0:0:1 - - [11/Apr/2018:15:42:13 +0800] "GET /resources/css/style.css HTTP/1.1" 200 14445
0:0:0:0:0:0:0:1 - - [11/Apr/2018:15:42:13 +0800] "GET /resources/js/common.js HTTP/1.1" 200 1060
0:0:0:0:0:0:0:1 - - [11/Apr/2018:15:42:13 +0800] "GET /resources/js/common/jquery-3.2.1.min.js HTTP/1.1" 200 86659
0:0:0:0:0:0:0:1 - - [11/Apr/2018:15:42:13 +0800] "GET /resources/css/font/iconfont.css HTTP/1.1" 200 5973
0:0:0:0:0:0:0:1 - - [11/Apr/2018:15:42:13 +0800] "GET /resources/imgs/logo-white.png HTTP/1.1" 200 1398
0:0:0:0:0:0:0:1 - - [11/Apr/2018:15:42:13 +0800] "GET /resources/imgs/bg-login-title.png HTTP/1.1" 200 20851
0:0:0:0:0:0:0:1 - - [11/Apr/2018:15:42:13 +0800] "GET /resources/js/JquerySession.js HTTP/1.1" 404 144
0:0:0:0:0:0:0:1 - - [11/Apr/2018:15:42:13 +0800] "GET /favicon.ico HTTP/1.1" 200 946
0:0:0:0:0:0:0:1 - - [11/Apr/2018:15:46:52 +0800] "GET /demo/fan HTTP/1.1" 200 3071
0:0:0:0:0:0:0:1 - - [11/Apr/2018:15:46:53 +0800] "GET /resources/js/common.js HTTP/1.1" 304 -
0:0:0:0:0:0:0:1 - - [11/Apr/2018:15:46:53 +0800] "GET /resources/css/font/iconfont.css HTTP/1.1" 304 -
0:0:0:0:0:0:0:1 - - [11/Apr/2018:15:46:53 +0800] "GET /resources/css/page.css HTTP/1.1" 304 -
0:0:0:0:0:0:0:1 - - [11/Apr/2018:15:46:53 +0800] "GET /resources/js/common/jquery-3.2.1.min.js HTTP/1.1" 304 -
0:0:0:0:0:0:0:1 - - [11/Apr/2018:15:46:53 +0800] "GET /resources/css/style.css HTTP/1.1" 304 -
0:0:0:0:0:0:0:1 - - [11/Apr/2018:15:46:53 +0800] "GET /resources/imgs/logo-white.png HTTP/1.1" 304 -
0:0:0:0:0:0:0:1 - - [11/Apr/2018:15:46:53 +0800] "GET /resources/imgs/bg-login-title.png HTTP/1.1" 304 -
0:0:0:0:0:0:0:1 - - [11/Apr/2018:15:46:53 +0800] "GET /js/common/jquery-3.2.1.min.js HTTP/1.1" 404 144
0:0:0:0:0:0:0:1 - - [11/Apr/2018:15:46:53 +0800] "GET /js/login.js HTTP/1.1" 404 126
0:0:0:0:0:0:0:1 - - [11/Apr/2018:15:46:53 +0800] "GET /resources/js/JquerySession.js HTTP/1.1" 404 144
0:0:0:0:0:0:0:1 - - [11/Apr/2018:15:46:53 +0800] "GET /js/login.js HTTP/1.1" 404 126
0:0:0:0:0:0:0:1 - - [11/Apr/2018:15:46:53 +0800] "GET /favicon.ico HTTP/1.1" 200 946
0:0:0:0:0:0:0:1 - - [11/Apr/2018:15:47:54 +0800] "GET /demo/fan HTTP/1.1" 200 3071
0:0:0:0:0:0:0:1 - - [11/Apr/2018:15:47:54 +0800] "GET /resources/css/font/iconfont.css HTTP/1.1" 200 5973
0:0:0:0:0:0:0:1 - - [11/Apr/2018:15:47:54 +0800] "GET /resources/css/style.css HTTP/1.1" 200 14445
0:0:0:0:0:0:0:1 - - [11/Apr/2018:15:47:54 +0800] "GET /resources/css/page.css HTTP/1.1" 200 1838
0:0:0:0:0:0:0:1 - - [11/Apr/2018:15:47:54 +0800] "GET /resources/js/common.js HTTP/1.1" 200 1060
0:0:0:0:0:0:0:1 - - [11/Apr/2018:15:47:54 +0800] "GET /resources/js/common/jquery-3.2.1.min.js HTTP/1.1" 200 86659
0:0:0:0:0:0:0:1 - - [11/Apr/2018:15:47:54 +0800] "GET /resources/imgs/logo-white.png HTTP/1.1" 200 1398
0:0:0:0:0:0:0:1 - - [11/Apr/2018:15:47:54 +0800] "GET /resources/imgs/bg-login-title.png HTTP/1.1" 200 20851
0:0:0:0:0:0:0:1 - - [11/Apr/2018:15:47:54 +0800] "GET /js/common/jquery-3.2.1.min.js HTTP/1.1" 404 144
0:0:0:0:0:0:0:1 - - [11/Apr/2018:15:47:54 +0800] "GET /resources/js/JquerySession.js HTTP/1.1" 404 144
0:0:0:0:0:0:0:1 - - [11/Apr/2018:15:47:54 +0800] "GET /js/login.js HTTP/1.1" 404 126
0:0:0:0:0:0:0:1 - - [11/Apr/2018:15:47:54 +0800] "GET /js/common/jquery-3.2.1.min.js HTTP/1.1" 404 144
0:0:0:0:0:0:0:1 - - [11/Apr/2018:15:47:54 +0800] "GET /js/login.js HTTP/1.1" 404 126
0:0:0:0:0:0:0:1 - - [11/Apr/2018:15:47:54 +0800] "GET /favicon.ico HTTP/1.1" 200 946
0:0:0:0:0:0:0:1 - - [11/Apr/2018:15:47:56 +0800] "GET /demo/fan HTTP/1.1" 200 3071
0:0:0:0:0:0:0:1 - - [11/Apr/2018:15:47:56 +0800] "GET /resources/css/style.css HTTP/1.1" 200 14445
0:0:0:0:0:0:0:1 - - [11/Apr/2018:15:47:56 +0800] "GET /resources/css/font/iconfont.css HTTP/1.1" 200 5973
0:0:0:0:0:0:0:1 - - [11/Apr/2018:15:47:56 +0800] "GET /resources/css/page.css HTTP/1.1" 200 1838
0:0:0:0:0:0:0:1 - - [11/Apr/2018:15:47:56 +0800] "GET /resources/js/common.js HTTP/1.1" 200 1060
0:0:0:0:0:0:0:1 - - [11/Apr/2018:15:47:56 +0800] "GET /resources/js/common/jquery-3.2.1.min.js HTTP/1.1" 200 86659
0:0:0:0:0:0:0:1 - - [11/Apr/2018:15:47:56 +0800] "GET /resources/imgs/logo-white.png HTTP/1.1" 200 1398
0:0:0:0:0:0:0:1 - - [11/Apr/2018:15:47:56 +0800] "GET /resources/js/JquerySession.js HTTP/1.1" 404 144
0:0:0:0:0:0:0:1 - - [11/Apr/2018:15:47:56 +0800] "GET /js/common/jquery-3.2.1.min.js HTTP/1.1" 404 144
0:0:0:0:0:0:0:1 - - [11/Apr/2018:15:47:56 +0800] "GET /js/login.js HTTP/1.1" 404 126
0:0:0:0:0:0:0:1 - - [11/Apr/2018:15:47:56 +0800] "GET /resources/js/JquerySession.js HTTP/1.1" 404 144
0:0:0:0:0:0:0:1 - - [11/Apr/2018:15:47:56 +0800] "GET /resources/imgs/bg-login-title.png HTTP/1.1" 200 20851
0:0:0:0:0:0:0:1 - - [11/Apr/2018:15:47:56 +0800] "GET /js/common/jquery-3.2.1.min.js HTTP/1.1" 404 144
0:0:0:0:0:0:0:1 - - [11/Apr/2018:15:47:56 +0800] "GET /js/login.js HTTP/1.1" 404 126
0:0:0:0:0:0:0:1 - - [11/Apr/2018:15:47:56 +0800] "GET /favicon.ico HTTP/1.1" 200 946
0:0:0:0:0:0:0:1 - - [11/Apr/2018:15:49:01 +0800] "GET /demo/fan HTTP/1.1" 200 3009
0:0:0:0:0:0:0:1 - - [11/Apr/2018:15:49:01 +0800] "GET /resources/css/font/iconfont.css HTTP/1.1" 200 5973
0:0:0:0:0:0:0:1 - - [11/Apr/2018:15:49:01 +0800] "GET /resources/css/style.css HTTP/1.1" 200 14445
0:0:0:0:0:0:0:1 - - [11/Apr/2018:15:49:01 +0800] "GET /resources/js/common.js HTTP/1.1" 200 1060
0:0:0:0:0:0:0:1 - - [11/Apr/2018:15:49:01 +0800] "GET /resources/css/page.css HTTP/1.1" 200 1838
0:0:0:0:0:0:0:1 - - [11/Apr/2018:15:49:01 +0800] "GET /resources/js/common/jquery-3.2.1.min.js HTTP/1.1" 200 86659
0:0:0:0:0:0:0:1 - - [11/Apr/2018:15:49:01 +0800] "GET /resources/imgs/logo-white.png HTTP/1.1" 200 1398
0:0:0:0:0:0:0:1 - - [11/Apr/2018:15:49:01 +0800] "GET /resources/imgs/bg-login-title.png HTTP/1.1" 200 20851
0:0:0:0:0:0:0:1 - - [11/Apr/2018:15:49:01 +0800] "GET /js/login.js HTTP/1.1" 404 126
0:0:0:0:0:0:0:1 - - [11/Apr/2018:15:49:01 +0800] "GET /js/common/jquery-3.2.1.min.js HTTP/1.1" 404 144
0:0:0:0:0:0:0:1 - - [11/Apr/2018:15:49:01 +0800] "GET /resources/js/JquerySession.js HTTP/1.1" 404 144
0:0:0:0:0:0:0:1 - - [11/Apr/2018:15:49:01 +0800] "GET /js/common/jquery-3.2.1.min.js HTTP/1.1" 404 144
0:0:0:0:0:0:0:1 - - [11/Apr/2018:15:49:01 +0800] "GET /js/login.js HTTP/1.1" 404 126
0:0:0:0:0:0:0:1 - - [11/Apr/2018:15:49:01 +0800] "GET /favicon.ico HTTP/1.1" 200 946
0:0:0:0:0:0:0:1 - - [11/Apr/2018:15:49:24 +0800] "GET /demo/fan HTTP/1.1" 200 3024
0:0:0:0:0:0:0:1 - - [11/Apr/2018:15:49:24 +0800] "GET /resources/js/JquerySession.js HTTP/1.1" 404 144
0:0:0:0:0:0:0:1 - - [11/Apr/2018:15:49:24 +0800] "GET /resources/js/JquerySession.js HTTP/1.1" 404 144
0:0:0:0:0:0:0:1 - - [11/Apr/2018:15:49:24 +0800] "GET /favicon.ico HTTP/1.1" 200 946
0:0:0:0:0:0:0:1 - - [11/Apr/2018:15:49:47 +0800] "GET /demo/fan HTTP/1.1" 200 2907
0:0:0:0:0:0:0:1 - - [11/Apr/2018:15:49:47 +0800] "GET /resources/js/JquerySession.js HTTP/1.1" 404 144
0:0:0:0:0:0:0:1 - - [11/Apr/2018:15:49:47 +0800] "GET /resources/js/JquerySession.js HTTP/1.1" 404 144
0:0:0:0:0:0:0:1 - - [11/Apr/2018:15:49:47 +0800] "GET /favicon.ico HTTP/1.1" 200 946
0:0:0:0:0:0:0:1 - - [11/Apr/2018:15:50:01 +0800] "GET /demo/fan HTTP/1.1" 200 2903
0:0:0:0:0:0:0:1 - - [11/Apr/2018:15:50:01 +0800] "GET /resources/css/style.css HTTP/1.1" 200 14445
0:0:0:0:0:0:0:1 - - [11/Apr/2018:15:50:01 +0800] "GET /resources/css/font/iconfont.css HTTP/1.1" 200 5973
0:0:0:0:0:0:0:1 - - [11/Apr/2018:15:50:01 +0800] "GET /resources/css/page.css HTTP/1.1" 200 1838
0:0:0:0:0:0:0:1 - - [11/Apr/2018:15:50:01 +0800] "GET /resources/js/common/jquery-3.2.1.min.js HTTP/1.1" 200 86659
0:0:0:0:0:0:0:1 - - [11/Apr/2018:15:50:01 +0800] "GET /resources/js/common.js HTTP/1.1" 200 1060
0:0:0:0:0:0:0:1 - - [11/Apr/2018:15:50:01 +0800] "GET /resources/imgs/logo-white.png HTTP/1.1" 200 1398
0:0:0:0:0:0:0:1 - - [11/Apr/2018:15:50:01 +0800] "GET /resources/js/JquerySession.js HTTP/1.1" 404 144
0:0:0:0:0:0:0:1 - - [11/Apr/2018:15:50:01 +0800] "GET /resources/imgs/bg-login-title.png HTTP/1.1" 200 20851
0:0:0:0:0:0:0:1 - - [11/Apr/2018:15:50:01 +0800] "GET /resources/js/JquerySession.js HTTP/1.1" 404 144
0:0:0:0:0:0:0:1 - - [11/Apr/2018:15:50:01 +0800] "GET /favicon.ico HTTP/1.1" 200 946
0:0:0:0:0:0:0:1 - - [11/Apr/2018:16:01:52 +0800] "GET /demo/fan HTTP/1.1" 200 4589
0:0:0:0:0:0:0:1 - - [11/Apr/2018:16:01:52 +0800] "GET /resources/css/style.css HTTP/1.1" 304 -
0:0:0:0:0:0:0:1 - - [11/Apr/2018:16:01:52 +0800] "GET /resources/js/common.js HTTP/1.1" 304 -
0:0:0:0:0:0:0:1 - - [11/Apr/2018:16:01:52 +0800] "GET /resources/css/font/iconfont.css HTTP/1.1" 304 -
0:0:0:0:0:0:0:1 - - [11/Apr/2018:16:01:52 +0800] "GET /resources/css/page.css HTTP/1.1" 304 -
0:0:0:0:0:0:0:1 - - [11/Apr/2018:16:01:52 +0800] "GET /resources/js/common/jquery-3.2.1.min.js HTTP/1.1" 304 -
0:0:0:0:0:0:0:1 - - [11/Apr/2018:16:01:52 +0800] "GET /resources/imgs/logo-white.png HTTP/1.1" 304 -
0:0:0:0:0:0:0:1 - - [11/Apr/2018:16:01:52 +0800] "GET /resources/imgs/bg-login-title.png HTTP/1.1" 304 -
0:0:0:0:0:0:0:1 - - [11/Apr/2018:16:01:52 +0800] "GET /resources/js/JquerySession.js HTTP/1.1" 404 144
0:0:0:0:0:0:0:1 - - [11/Apr/2018:16:01:52 +0800] "GET /demo/Wopop_files/logo.png HTTP/1.1" 404 140
0:0:0:0:0:0:0:1 - - [11/Apr/2018:16:03:00 +0800] "GET /demo/fan HTTP/1.1" 200 4510
0:0:0:0:0:0:0:1 - - [11/Apr/2018:16:03:00 +0800] "GET /demo/Wopop_files/logo.png HTTP/1.1" 404 140
0:0:0:0:0:0:0:1 - - [11/Apr/2018:16:03:43 +0800] "GET /demo/fan HTTP/1.1" 200 4510
0:0:0:0:0:0:0:1 - - [11/Apr/2018:16:03:43 +0800] "GET /demo/Wopop_files/logo.png HTTP/1.1" 404 140
0:0:0:0:0:0:0:1 - - [11/Apr/2018:16:05:09 +0800] "GET /demo/fan HTTP/1.1" 200 4510
0:0:0:0:0:0:0:1 - - [11/Apr/2018:16:05:09 +0800] "GET /resources/css/style.css HTTP/1.1" 304 -
0:0:0:0:0:0:0:1 - - [11/Apr/2018:16:05:09 +0800] "GET /resources/js/common/jquery-3.2.1.min.js HTTP/1.1" 304 -
0:0:0:0:0:0:0:1 - - [11/Apr/2018:16:05:09 +0800] "GET /resources/js/common.js HTTP/1.1" 304 -
0:0:0:0:0:0:0:1 - - [11/Apr/2018:16:05:09 +0800] "GET /resources/css/page.css HTTP/1.1" 304 -
0:0:0:0:0:0:0:1 - - [11/Apr/2018:16:05:09 +0800] "GET /resources/css/font/iconfont.css HTTP/1.1" 304 -
0:0:0:0:0:0:0:1 - - [11/Apr/2018:16:05:09 +0800] "GET /resources/imgs/logo-white.png HTTP/1.1" 304 -
0:0:0:0:0:0:0:1 - - [11/Apr/2018:16:05:09 +0800] "GET /resources/imgs/bg-login-title.png HTTP/1.1" 304 -
0:0:0:0:0:0:0:1 - - [11/Apr/2018:16:05:09 +0800] "GET /demo/Wopop_files/logo.png HTTP/1.1" 404 140
0:0:0:0:0:0:0:1 - - [11/Apr/2018:16:05:44 +0800] "GET /demo/fan HTTP/1.1" 200 4510
0:0:0:0:0:0:0:1 - - [11/Apr/2018:16:05:44 +0800] "GET /demo/Wopop_files/logo.png HTTP/1.1" 404 140
0:0:0:0:0:0:0:1 - - [11/Apr/2018:16:06:15 +0800] "GET /demo/fan HTTP/1.1" 200 4824
0:0:0:0:0:0:0:1 - - [11/Apr/2018:16:06:15 +0800] "GET /resources/css/style_log.css HTTP/1.1" 200 12419
0:0:0:0:0:0:0:1 - - [11/Apr/2018:16:06:15 +0800] "GET /resources/css/login_style.css HTTP/1.1" 200 15523
0:0:0:0:0:0:0:1 - - [11/Apr/2018:16:06:15 +0800] "GET /resources/css/jquery.ui.all.css HTTP/1.1" 200 291
0:0:0:0:0:0:0:1 - - [11/Apr/2018:16:06:15 +0800] "GET /resources/css/userpanel.css HTTP/1.1" 200 20996
0:0:0:0:0:0:0:1 - - [11/Apr/2018:16:06:15 +0800] "GET /demo/Wopop_files/logo.png HTTP/1.1" 404 140
0:0:0:0:0:0:0:1 - - [11/Apr/2018:16:06:15 +0800] "GET /resources/css/jquery.ui.base.css HTTP/1.1" 404 147
0:0:0:0:0:0:0:1 - - [11/Apr/2018:16:06:15 +0800] "GET /resources/css/jquery.ui.theme.css HTTP/1.1" 404 148
0:0:0:0:0:0:0:1 - - [11/Apr/2018:16:06:15 +0800] "GET /resources/css/login_m_bg.png HTTP/1.1" 404 143
0:0:0:0:0:0:0:1 - - [11/Apr/2018:16:06:15 +0800] "GET /resources/images/txt_input_bg.gif HTTP/1.1" 404 148
0:0:0:0:0:0:0:1 - - [11/Apr/2018:16:06:15 +0800] "GET /resources/css/site_bg.png HTTP/1.1" 404 140
0:0:0:0:0:0:0:1 - - [11/Apr/2018:16:16:40 +0800] "GET / HTTP/1.1" 404 306
0:0:0:0:0:0:0:1 - - [11/Apr/2018:16:16:45 +0800] "GET /demo/fan HTTP/1.1" 200 4824
0:0:0:0:0:0:0:1 - - [11/Apr/2018:16:16:45 +0800] "GET /resources/css/page.css HTTP/1.1" 304 -
0:0:0:0:0:0:0:1 - - [11/Apr/2018:16:16:45 +0800] "GET /resources/css/font/iconfont.css HTTP/1.1" 304 -
0:0:0:0:0:0:0:1 - - [11/Apr/2018:16:16:45 +0800] "GET /resources/js/common.js HTTP/1.1" 304 -
0:0:0:0:0:0:0:1 - - [11/Apr/2018:16:16:45 +0800] "GET /resources/css/style.css HTTP/1.1" 304 -
0:0:0:0:0:0:0:1 - - [11/Apr/2018:16:16:45 +0800] "GET /resources/js/common/jquery-3.2.1.min.js HTTP/1.1" 304 -
0:0:0:0:0:0:0:1 - - [11/Apr/2018:16:16:45 +0800] "GET /resources/css/login_style.css HTTP/1.1" 304 -
0:0:0:0:0:0:0:1 - - [11/Apr/2018:16:16:45 +0800] "GET /resources/css/style_log.css HTTP/1.1" 304 -
0:0:0:0:0:0:0:1 - - [11/Apr/2018:16:16:45 +0800] "GET /resources/css/userpanel.css HTTP/1.1" 304 -
0:0:0:0:0:0:0:1 - - [11/Apr/2018:16:16:45 +0800] "GET /resources/css/jquery.ui.all.css HTTP/1.1" 304 -
0:0:0:0:0:0:0:1 - - [11/Apr/2018:16:16:45 +0800] "GET /resources/imgs/logo-white.png HTTP/1.1" 304 -
0:0:0:0:0:0:0:1 - - [11/Apr/2018:16:16:45 +0800] "GET /demo/Wopop_files/logo.png HTTP/1.1" 404 140
0:0:0:0:0:0:0:1 - - [11/Apr/2018:16:16:45 +0800] "GET /resources/imgs/bg-login-title.png HTTP/1.1" 304 -
0:0:0:0:0:0:0:1 - - [11/Apr/2018:16:16:45 +0800] "GET /resources/css/jquery.ui.theme.css HTTP/1.1" 404 148
0:0:0:0:0:0:0:1 - - [11/Apr/2018:16:16:45 +0800] "GET /resources/css/jquery.ui.base.css HTTP/1.1" 404 147
0:0:0:0:0:0:0:1 - - [11/Apr/2018:16:16:45 +0800] "GET /resources/css/login_m_bg.png HTTP/1.1" 404 143
0:0:0:0:0:0:0:1 - - [11/Apr/2018:16:16:45 +0800] "GET /resources/css/site_bg.png HTTP/1.1" 404 140
0:0:0:0:0:0:0:1 - - [11/Apr/2018:16:16:45 +0800] "GET /resources/images/txt_input_bg.gif HTTP/1.1" 404 148
0:0:0:0:0:0:0:1 - - [11/Apr/2018:16:17:30 +0800] "GET /demo/fan HTTP/1.1" 200 4824
0:0:0:0:0:0:0:1 - - [11/Apr/2018:16:17:30 +0800] "GET /resources/css/jquery.ui.base.css HTTP/1.1" 404 147
0:0:0:0:0:0:0:1 - - [11/Apr/2018:16:17:30 +0800] "GET /resources/css/site_bg.png HTTP/1.1" 404 140
0:0:0:0:0:0:0:1 - - [11/Apr/2018:16:17:30 +0800] "GET /resources/css/login_m_bg.png HTTP/1.1" 404 143
0:0:0:0:0:0:0:1 - - [11/Apr/2018:16:17:30 +0800] "GET /resources/images/txt_input_bg.gif HTTP/1.1" 404 148
0:0:0:0:0:0:0:1 - - [11/Apr/2018:16:17:30 +0800] "GET /resources/css/jquery.ui.theme.css HTTP/1.1" 404 148
0:0:0:0:0:0:0:1 - - [11/Apr/2018:16:17:30 +0800] "GET /demo/Wopop_files/logo.png HTTP/1.1" 404 140
0:0:0:0:0:0:0:1 - - [11/Apr/2018:16:17:30 +0800] "GET /favicon.ico HTTP/1.1" 200 946
0:0:0:0:0:0:0:1 - - [11/Apr/2018:16:17:32 +0800] "GET /demo/fan HTTP/1.1" 200 4824
0:0:0:0:0:0:0:1 - - [11/Apr/2018:16:17:32 +0800] "GET /demo/Wopop_files/logo.png HTTP/1.1" 404 140
0:0:0:0:0:0:0:1 - - [11/Apr/2018:16:17:32 +0800] "GET /resources/css/jquery.ui.base.css HTTP/1.1" 404 147
0:0:0:0:0:0:0:1 - - [11/Apr/2018:16:17:32 +0800] "GET /resources/css/jquery.ui.theme.css HTTP/1.1" 404 148
0:0:0:0:0:0:0:1 - - [11/Apr/2018:16:17:32 +0800] "GET /favicon.ico HTTP/1.1" 200 946
0:0:0:0:0:0:0:1 - - [11/Apr/2018:16:17:52 +0800] "GET /demo/fan HTTP/1.1" 200 4824
0:0:0:0:0:0:0:1 - - [11/Apr/2018:16:17:52 +0800] "GET /resources/css/font/iconfont.css HTTP/1.1" 200 5973
0:0:0:0:0:0:0:1 - - [11/Apr/2018:16:17:52 +0800] "GET /resources/css/style.css HTTP/1.1" 200 14445
0:0:0:0:0:0:0:1 - - [11/Apr/2018:16:17:52 +0800] "GET /resources/css/page.css HTTP/1.1" 200 1838
0:0:0:0:0:0:0:1 - - [11/Apr/2018:16:17:52 +0800] "GET /resources/js/common.js HTTP/1.1" 200 1060
0:0:0:0:0:0:0:1 - - [11/Apr/2018:16:17:52 +0800] "GET /resources/css/style_log.css HTTP/1.1" 200 12419
0:0:0:0:0:0:0:1 - - [11/Apr/2018:16:17:52 +0800] "GET /resources/js/common/jquery-3.2.1.min.js HTTP/1.1" 200 86659
0:0:0:0:0:0:0:1 - - [11/Apr/2018:16:17:52 +0800] "GET /resources/css/jquery.ui.all.css HTTP/1.1" 200 291
0:0:0:0:0:0:0:1 - - [11/Apr/2018:16:17:52 +0800] "GET /resources/css/userpanel.css HTTP/1.1" 200 20996
0:0:0:0:0:0:0:1 - - [11/Apr/2018:16:17:52 +0800] "GET /resources/css/login_style.css HTTP/1.1" 200 15523
0:0:0:0:0:0:0:1 - - [11/Apr/2018:16:17:52 +0800] "GET /resources/imgs/logo-white.png HTTP/1.1" 200 1398
0:0:0:0:0:0:0:1 - - [11/Apr/2018:16:17:52 +0800] "GET /demo/Wopop_files/logo.png HTTP/1.1" 404 140
0:0:0:0:0:0:0:1 - - [11/Apr/2018:16:17:52 +0800] "GET /resources/imgs/bg-login-title.png HTTP/1.1" 200 20851
0:0:0:0:0:0:0:1 - - [11/Apr/2018:16:17:52 +0800] "GET /resources/css/jquery.ui.theme.css HTTP/1.1" 404 148
0:0:0:0:0:0:0:1 - - [11/Apr/2018:16:17:52 +0800] "GET /resources/css/login_m_bg.png HTTP/1.1" 404 143
0:0:0:0:0:0:0:1 - - [11/Apr/2018:16:17:52 +0800] "GET /resources/images/txt_input_bg.gif HTTP/1.1" 404 148
0:0:0:0:0:0:0:1 - - [11/Apr/2018:16:17:52 +0800] "GET /resources/css/jquery.ui.base.css HTTP/1.1" 404 147
0:0:0:0:0:0:0:1 - - [11/Apr/2018:16:17:52 +0800] "GET /resources/css/site_bg.png HTTP/1.1" 404 140
0:0:0:0:0:0:0:1 - - [11/Apr/2018:16:17:52 +0800] "GET /favicon.ico HTTP/1.1" 200 946
0:0:0:0:0:0:0:1 - - [11/Apr/2018:16:17:53 +0800] "GET /demo/fan HTTP/1.1" 200 4824
0:0:0:0:0:0:0:1 - - [11/Apr/2018:16:17:53 +0800] "GET /resources/css/style.css HTTP/1.1" 200 14445
0:0:0:0:0:0:0:1 - - [11/Apr/2018:16:17:53 +0800] "GET /resources/css/font/iconfont.css HTTP/1.1" 200 5973
0:0:0:0:0:0:0:1 - - [11/Apr/2018:16:17:53 +0800] "GET /resources/css/login_style.css HTTP/1.1" 200 15523
0:0:0:0:0:0:0:1 - - [11/Apr/2018:16:17:53 +0800] "GET /resources/js/common.js HTTP/1.1" 200 1060
0:0:0:0:0:0:0:1 - - [11/Apr/2018:16:17:53 +0800] "GET /resources/css/style_log.css HTTP/1.1" 200 12419
0:0:0:0:0:0:0:1 - - [11/Apr/2018:16:17:53 +0800] "GET /resources/js/common/jquery-3.2.1.min.js HTTP/1.1" 200 86659
0:0:0:0:0:0:0:1 - - [11/Apr/2018:16:17:53 +0800] "GET /resources/css/page.css HTTP/1.1" 200 1838
0:0:0:0:0:0:0:1 - - [11/Apr/2018:16:17:53 +0800] "GET /resources/css/userpanel.css HTTP/1.1" 200 20996
0:0:0:0:0:0:0:1 - - [11/Apr/2018:16:17:53 +0800] "GET /resources/css/jquery.ui.all.css HTTP/1.1" 200 291
0:0:0:0:0:0:0:1 - - [11/Apr/2018:16:17:53 +0800] "GET /resources/imgs/logo-white.png HTTP/1.1" 200 1398
0:0:0:0:0:0:0:1 - - [11/Apr/2018:16:17:53 +0800] "GET /demo/Wopop_files/logo.png HTTP/1.1" 404 140
0:0:0:0:0:0:0:1 - - [11/Apr/2018:16:17:53 +0800] "GET /resources/imgs/bg-login-title.png HTTP/1.1" 200 20851
0:0:0:0:0:0:0:1 - - [11/Apr/2018:16:17:53 +0800] "GET /resources/css/jquery.ui.base.css HTTP/1.1" 404 147
0:0:0:0:0:0:0:1 - - [11/Apr/2018:16:17:53 +0800] "GET /resources/css/jquery.ui.theme.css HTTP/1.1" 404 148
0:0:0:0:0:0:0:1 - - [11/Apr/2018:16:17:53 +0800] "GET /resources/css/login_m_bg.png HTTP/1.1" 404 143
0:0:0:0:0:0:0:1 - - [11/Apr/2018:16:17:53 +0800] "GET /resources/images/txt_input_bg.gif HTTP/1.1" 404 148
0:0:0:0:0:0:0:1 - - [11/Apr/2018:16:17:53 +0800] "GET /resources/css/site_bg.png HTTP/1.1" 404 140
0:0:0:0:0:0:0:1 - - [11/Apr/2018:16:17:53 +0800] "GET /favicon.ico HTTP/1.1" 200 946
0:0:0:0:0:0:0:1 - - [11/Apr/2018:16:17:53 +0800] "GET /demo/fan HTTP/1.1" 200 4824
0:0:0:0:0:0:0:1 - - [11/Apr/2018:16:17:53 +0800] "GET /resources/css/style.css HTTP/1.1" 200 14445
0:0:0:0:0:0:0:1 - - [11/Apr/2018:16:17:53 +0800] "GET /resources/css/font/iconfont.css HTTP/1.1" 200 5973
0:0:0:0:0:0:0:1 - - [11/Apr/2018:16:17:53 +0800] "GET /resources/js/common.js HTTP/1.1" 200 1060
0:0:0:0:0:0:0:1 - - [11/Apr/2018:16:17:53 +0800] "GET /resources/js/common/jquery-3.2.1.min.js HTTP/1.1" 200 86659
0:0:0:0:0:0:0:1 - - [11/Apr/2018:16:17:53 +0800] "GET /resources/css/style_log.css HTTP/1.1" 200 12419
0:0:0:0:0:0:0:1 - - [11/Apr/2018:16:17:53 +0800] "GET /resources/css/login_style.css HTTP/1.1" 200 15523
0:0:0:0:0:0:0:1 - - [11/Apr/2018:16:17:53 +0800] "GET /resources/css/page.css HTTP/1.1" 200 1838
0:0:0:0:0:0:0:1 - - [11/Apr/2018:16:17:53 +0800] "GET /resources/css/jquery.ui.all.css HTTP/1.1" 200 291
0:0:0:0:0:0:0:1 - - [11/Apr/2018:16:17:53 +0800] "GET /resources/css/userpanel.css HTTP/1.1" 200 20996
0:0:0:0:0:0:0:1 - - [11/Apr/2018:16:17:53 +0800] "GET /resources/imgs/logo-white.png HTTP/1.1" 200 1398
0:0:0:0:0:0:0:1 - - [11/Apr/2018:16:17:53 +0800] "GET /demo/Wopop_files/logo.png HTTP/1.1" 404 140
0:0:0:0:0:0:0:1 - - [11/Apr/2018:16:17:53 +0800] "GET /resources/imgs/bg-login-title.png HTTP/1.1" 200 20851
0:0:0:0:0:0:0:1 - - [11/Apr/2018:16:17:53 +0800] "GET /resources/css/jquery.ui.base.css HTTP/1.1" 404 147
0:0:0:0:0:0:0:1 - - [11/Apr/2018:16:17:53 +0800] "GET /resources/css/jquery.ui.theme.css HTTP/1.1" 404 148
0:0:0:0:0:0:0:1 - - [11/Apr/2018:16:17:53 +0800] "GET /resources/images/txt_input_bg.gif HTTP/1.1" 404 148
0:0:0:0:0:0:0:1 - - [11/Apr/2018:16:17:53 +0800] "GET /resources/css/site_bg.png HTTP/1.1" 404 140
0:0:0:0:0:0:0:1 - - [11/Apr/2018:16:17:53 +0800] "GET /resources/css/login_m_bg.png HTTP/1.1" 404 143
0:0:0:0:0:0:0:1 - - [11/Apr/2018:16:17:53 +0800] "GET /favicon.ico HTTP/1.1" 200 946
0:0:0:0:0:0:0:1 - - [11/Apr/2018:16:17:53 +0800] "GET /demo/fan HTTP/1.1" 200 4824
0:0:0:0:0:0:0:1 - - [11/Apr/2018:16:17:53 +0800] "GET /resources/css/style.css HTTP/1.1" 200 14445
0:0:0:0:0:0:0:1 - - [11/Apr/2018:16:17:53 +0800] "GET /resources/css/page.css HTTP/1.1" 200 1838
0:0:0:0:0:0:0:1 - - [11/Apr/2018:16:17:53 +0800] "GET /resources/css/font/iconfont.css HTTP/1.1" 200 5973
0:0:0:0:0:0:0:1 - - [11/Apr/2018:16:17:53 +0800] "GET /resources/css/style_log.css HTTP/1.1" 200 12419
0:0:0:0:0:0:0:1 - - [11/Apr/2018:16:17:53 +0800] "GET /resources/js/common.js HTTP/1.1" 200 1060
0:0:0:0:0:0:0:1 - - [11/Apr/2018:16:17:53 +0800] "GET /resources/js/common/jquery-3.2.1.min.js HTTP/1.1" 200 86659
0:0:0:0:0:0:0:1 - - [11/Apr/2018:16:17:53 +0800] "GET /resources/css/login_style.css HTTP/1.1" 200 15523
0:0:0:0:0:0:0:1 - - [11/Apr/2018:16:17:53 +0800] "GET /resources/css/jquery.ui.all.css HTTP/1.1" 200 291
0:0:0:0:0:0:0:1 - - [11/Apr/2018:16:17:53 +0800] "GET /resources/css/userpanel.css HTTP/1.1" 200 20996
0:0:0:0:0:0:0:1 - - [11/Apr/2018:16:17:53 +0800] "GET /resources/imgs/logo-white.png HTTP/1.1" 200 1398
0:0:0:0:0:0:0:1 - - [11/Apr/2018:16:17:53 +0800] "GET /demo/Wopop_files/logo.png HTTP/1.1" 404 140
0:0:0:0:0:0:0:1 - - [11/Apr/2018:16:17:53 +0800] "GET /resources/imgs/bg-login-title.png HTTP/1.1" 200 20851
0:0:0:0:0:0:0:1 - - [11/Apr/2018:16:17:53 +0800] "GET /resources/css/jquery.ui.theme.css HTTP/1.1" 404 148
0:0:0:0:0:0:0:1 - - [11/Apr/2018:16:17:53 +0800] "GET /resources/css/jquery.ui.base.css HTTP/1.1" 404 147
0:0:0:0:0:0:0:1 - - [11/Apr/2018:16:17:53 +0800] "GET /resources/css/login_m_bg.png HTTP/1.1" 404 143
0:0:0:0:0:0:0:1 - - [11/Apr/2018:16:17:53 +0800] "GET /resources/images/txt_input_bg.gif HTTP/1.1" 404 148
0:0:0:0:0:0:0:1 - - [11/Apr/2018:16:17:53 +0800] "GET /resources/css/site_bg.png HTTP/1.1" 404 140
0:0:0:0:0:0:0:1 - - [11/Apr/2018:16:17:53 +0800] "GET /favicon.ico HTTP/1.1" 200 946
0:0:0:0:0:0:0:1 - - [11/Apr/2018:16:17:53 +0800] "GET /demo/fan HTTP/1.1" 200 4824
0:0:0:0:0:0:0:1 - - [11/Apr/2018:16:17:53 +0800] "GET /resources/css/style.css HTTP/1.1" 200 14445
0:0:0:0:0:0:0:1 - - [11/Apr/2018:16:17:53 +0800] "GET /resources/css/font/iconfont.css HTTP/1.1" 200 5973
0:0:0:0:0:0:0:1 - - [11/Apr/2018:16:17:53 +0800] "GET /resources/css/page.css HTTP/1.1" 200 1838
0:0:0:0:0:0:0:1 - - [11/Apr/2018:16:17:53 +0800] "GET /resources/js/common.js HTTP/1.1" 200 1060
0:0:0:0:0:0:0:1 - - [11/Apr/2018:16:17:53 +0800] "GET /resources/css/style_log.css HTTP/1.1" 200 12419
0:0:0:0:0:0:0:1 - - [11/Apr/2018:16:17:53 +0800] "GET /resources/css/login_style.css HTTP/1.1" 200 15523
0:0:0:0:0:0:0:1 - - [11/Apr/2018:16:17:53 +0800] "GET /resources/js/common/jquery-3.2.1.min.js HTTP/1.1" 200 86659
0:0:0:0:0:0:0:1 - - [11/Apr/2018:16:17:53 +0800] "GET /resources/css/jquery.ui.all.css HTTP/1.1" 200 291
0:0:0:0:0:0:0:1 - - [11/Apr/2018:16:17:53 +0800] "GET /resources/css/userpanel.css HTTP/1.1" 200 20996
0:0:0:0:0:0:0:1 - - [11/Apr/2018:16:17:53 +0800] "GET /resources/imgs/logo-white.png HTTP/1.1" 200 1398
0:0:0:0:0:0:0:1 - - [11/Apr/2018:16:17:53 +0800] "GET /demo/Wopop_files/logo.png HTTP/1.1" 404 140
0:0:0:0:0:0:0:1 - - [11/Apr/2018:16:17:53 +0800] "GET /resources/imgs/bg-login-title.png HTTP/1.1" 200 20851
0:0:0:0:0:0:0:1 - - [11/Apr/2018:16:17:53 +0800] "GET /resources/css/jquery.ui.base.css HTTP/1.1" 404 147
0:0:0:0:0:0:0:1 - - [11/Apr/2018:16:17:53 +0800] "GET /resources/css/jquery.ui.theme.css HTTP/1.1" 404 148
0:0:0:0:0:0:0:1 - - [11/Apr/2018:16:17:53 +0800] "GET /resources/images/txt_input_bg.gif HTTP/1.1" 404 148
0:0:0:0:0:0:0:1 - - [11/Apr/2018:16:17:53 +0800] "GET /resources/css/login_m_bg.png HTTP/1.1" 404 143
0:0:0:0:0:0:0:1 - - [11/Apr/2018:16:17:53 +0800] "GET /resources/css/site_bg.png HTTP/1.1" 404 140
0:0:0:0:0:0:0:1 - - [11/Apr/2018:16:17:53 +0800] "GET /favicon.ico HTTP/1.1" 200 946
0:0:0:0:0:0:0:1 - - [11/Apr/2018:16:17:53 +0800] "GET /demo/fan HTTP/1.1" 200 4824
0:0:0:0:0:0:0:1 - - [11/Apr/2018:16:17:53 +0800] "GET /resources/css/style.css HTTP/1.1" 200 14445
0:0:0:0:0:0:0:1 - - [11/Apr/2018:16:17:53 +0800] "GET /resources/css/font/iconfont.css HTTP/1.1" 200 5973
0:0:0:0:0:0:0:1 - - [11/Apr/2018:16:17:53 +0800] "GET /resources/css/page.css HTTP/1.1" 200 1838
0:0:0:0:0:0:0:1 - - [11/Apr/2018:16:17:53 +0800] "GET /resources/js/common.js HTTP/1.1" 200 1060
0:0:0:0:0:0:0:1 - - [11/Apr/2018:16:17:53 +0800] "GET /resources/css/style_log.css HTTP/1.1" 200 12419
0:0:0:0:0:0:0:1 - - [11/Apr/2018:16:17:53 +0800] "GET /resources/js/common/jquery-3.2.1.min.js HTTP/1.1" 200 86659
0:0:0:0:0:0:0:1 - - [11/Apr/2018:16:17:53 +0800] "GET /resources/css/login_style.css HTTP/1.1" 200 15523
0:0:0:0:0:0:0:1 - - [11/Apr/2018:16:17:53 +0800] "GET /resources/css/userpanel.css HTTP/1.1" 200 20996
0:0:0:0:0:0:0:1 - - [11/Apr/2018:16:17:53 +0800] "GET /resources/css/jquery.ui.all.css HTTP/1.1" 200 291
0:0:0:0:0:0:0:1 - - [11/Apr/2018:16:17:53 +0800] "GET /resources/imgs/logo-white.png HTTP/1.1" 200 1398
0:0:0:0:0:0:0:1 - - [11/Apr/2018:16:17:53 +0800] "GET /demo/Wopop_files/logo.png HTTP/1.1" 404 140
0:0:0:0:0:0:0:1 - - [11/Apr/2018:16:17:53 +0800] "GET /resources/imgs/bg-login-title.png HTTP/1.1" 200 20851
0:0:0:0:0:0:0:1 - - [11/Apr/2018:16:17:53 +0800] "GET /resources/css/jquery.ui.theme.css HTTP/1.1" 404 148
0:0:0:0:0:0:0:1 - - [11/Apr/2018:16:17:53 +0800] "GET /resources/css/jquery.ui.base.css HTTP/1.1" 404 147
0:0:0:0:0:0:0:1 - - [11/Apr/2018:16:17:53 +0800] "GET /resources/css/login_m_bg.png HTTP/1.1" 404 143
0:0:0:0:0:0:0:1 - - [11/Apr/2018:16:17:53 +0800] "GET /resources/images/txt_input_bg.gif HTTP/1.1" 404 148
0:0:0:0:0:0:0:1 - - [11/Apr/2018:16:17:53 +0800] "GET /resources/css/site_bg.png HTTP/1.1" 404 140
0:0:0:0:0:0:0:1 - - [11/Apr/2018:16:17:53 +0800] "GET /favicon.ico HTTP/1.1" 200 946
0:0:0:0:0:0:0:1 - - [11/Apr/2018:16:17:59 +0800] "GET /resources/css/jquery.ui.theme.css HTTP/1.1" 404 148
0:0:0:0:0:0:0:1 - - [11/Apr/2018:16:17:59 +0800] "GET /resources/css/jquery.ui.base.css HTTP/1.1" 404 147
0:0:0:0:0:0:0:1 - - [11/Apr/2018:16:18:57 +0800] "GET /demo/fan HTTP/1.1" 200 4824
0:0:0:0:0:0:0:1 - - [11/Apr/2018:16:18:57 +0800] "GET /resources/css/jquery.ui.base.css HTTP/1.1" 404 147
0:0:0:0:0:0:0:1 - - [11/Apr/2018:16:18:57 +0800] "GET /resources/css/jquery.ui.theme.css HTTP/1.1" 404 148
0:0:0:0:0:0:0:1 - - [11/Apr/2018:16:18:57 +0800] "GET /demo/Wopop_files/logo.png HTTP/1.1" 404 140
0:0:0:0:0:0:0:1 - - [11/Apr/2018:16:20:00 +0800] "GET /demo/fan HTTP/1.1" 200 4824
0:0:0:0:0:0:0:1 - - [11/Apr/2018:16:20:00 +0800] "GET /resources/css/jquery.ui.all.css HTTP/1.1" 304 -
0:0:0:0:0:0:0:1 - - [11/Apr/2018:16:20:00 +0800] "GET /resources/css/userpanel.css HTTP/1.1" 304 -
0:0:0:0:0:0:0:1 - - [11/Apr/2018:16:20:00 +0800] "GET /resources/css/style_log.css HTTP/1.1" 304 -
0:0:0:0:0:0:0:1 - - [11/Apr/2018:16:20:00 +0800] "GET /resources/css/login_style.css HTTP/1.1" 304 -
0:0:0:0:0:0:0:1 - - [11/Apr/2018:16:20:00 +0800] "GET /demo/Wopop_files/logo.png HTTP/1.1" 404 140
0:0:0:0:0:0:0:1 - - [11/Apr/2018:16:20:00 +0800] "GET /resources/css/jquery.ui.theme.css HTTP/1.1" 404 148
0:0:0:0:0:0:0:1 - - [11/Apr/2018:16:20:00 +0800] "GET /resources/css/jquery.ui.base.css HTTP/1.1" 404 147
0:0:0:0:0:0:0:1 - - [11/Apr/2018:16:20:02 +0800] "GET /demo/fan HTTP/1.1" 200 4824
0:0:0:0:0:0:0:1 - - [11/Apr/2018:16:20:02 +0800] "GET /resources/css/font/iconfont.css HTTP/1.1" 200 5973
0:0:0:0:0:0:0:1 - - [11/Apr/2018:16:20:02 +0800] "GET /resources/css/page.css HTTP/1.1" 200 1838
0:0:0:0:0:0:0:1 - - [11/Apr/2018:16:20:02 +0800] "GET /resources/css/style.css HTTP/1.1" 200 14445
0:0:0:0:0:0:0:1 - - [11/Apr/2018:16:20:02 +0800] "GET /resources/css/login_style.css HTTP/1.1" 200 15523
0:0:0:0:0:0:0:1 - - [11/Apr/2018:16:20:02 +0800] "GET /resources/js/common/jquery-3.2.1.min.js HTTP/1.1" 200 86659
0:0:0:0:0:0:0:1 - - [11/Apr/2018:16:20:02 +0800] "GET /resources/css/style_log.css HTTP/1.1" 200 12419
0:0:0:0:0:0:0:1 - - [11/Apr/2018:16:20:02 +0800] "GET /resources/css/jquery.ui.all.css HTTP/1.1" 200 291
0:0:0:0:0:0:0:1 - - [11/Apr/2018:16:20:02 +0800] "GET /resources/css/userpanel.css HTTP/1.1" 200 20996
0:0:0:0:0:0:0:1 - - [11/Apr/2018:16:20:02 +0800] "GET /resources/js/common.js HTTP/1.1" 200 1060
0:0:0:0:0:0:0:1 - - [11/Apr/2018:16:20:02 +0800] "GET /resources/imgs/logo-white.png HTTP/1.1" 200 1398
0:0:0:0:0:0:0:1 - - [11/Apr/2018:16:20:02 +0800] "GET /demo/Wopop_files/logo.png HTTP/1.1" 404 140
0:0:0:0:0:0:0:1 - - [11/Apr/2018:16:20:02 +0800] "GET /resources/imgs/bg-login-title.png HTTP/1.1" 200 20851
0:0:0:0:0:0:0:1 - - [11/Apr/2018:16:20:02 +0800] "GET /resources/css/jquery.ui.theme.css HTTP/1.1" 404 148
0:0:0:0:0:0:0:1 - - [11/Apr/2018:16:20:02 +0800] "GET /resources/css/jquery.ui.base.css HTTP/1.1" 404 147
0:0:0:0:0:0:0:1 - - [11/Apr/2018:16:20:02 +0800] "GET /resources/css/login_m_bg.png HTTP/1.1" 404 143
0:0:0:0:0:0:0:1 - - [11/Apr/2018:16:20:02 +0800] "GET /resources/css/site_bg.png HTTP/1.1" 404 140
0:0:0:0:0:0:0:1 - - [11/Apr/2018:16:20:02 +0800] "GET /resources/images/txt_input_bg.gif HTTP/1.1" 404 148
0:0:0:0:0:0:0:1 - - [11/Apr/2018:16:20:29 +0800] "GET /demo/fan HTTP/1.1" 200 3004
0:0:0:0:0:0:0:1 - - [11/Apr/2018:16:20:29 +0800] "GET /resources/css/style_log.css HTTP/1.1" 200 12419
0:0:0:0:0:0:0:1 - - [11/Apr/2018:16:20:29 +0800] "GET /resources/css/login_style.css HTTP/1.1" 200 15523
0:0:0:0:0:0:0:1 - - [11/Apr/2018:16:20:29 +0800] "GET /resources/css/jquery.ui.all.css HTTP/1.1" 200 291
0:0:0:0:0:0:0:1 - - [11/Apr/2018:16:20:29 +0800] "GET /resources/css/userpanel.css HTTP/1.1" 200 20996
0:0:0:0:0:0:0:1 - - [11/Apr/2018:16:20:29 +0800] "GET /demo/Wopop_files/logo.png HTTP/1.1" 404 140
0:0:0:0:0:0:0:1 - - [11/Apr/2018:16:20:29 +0800] "GET /resources/css/site_bg.png HTTP/1.1" 404 140
0:0:0:0:0:0:0:1 - - [11/Apr/2018:16:20:29 +0800] "GET /resources/css/login_m_bg.png HTTP/1.1" 404 143
0:0:0:0:0:0:0:1 - - [11/Apr/2018:16:20:29 +0800] "GET /resources/css/jquery.ui.theme.css HTTP/1.1" 404 148
0:0:0:0:0:0:0:1 - - [11/Apr/2018:16:20:29 +0800] "GET /resources/css/login_bgx.gif HTTP/1.1" 404 142
0:0:0:0:0:0:0:1 - - [11/Apr/2018:16:20:29 +0800] "GET /resources/css/jquery.ui.base.css HTTP/1.1" 404 140
0:0:0:0:0:0:0:1 - - [11/Apr/2018:16:20:29 +0800] "GET /resources/images/txt_input_bg.gif HTTP/1.1" 404 148
0:0:0:0:0:0:0:1 - - [11/Apr/2018:16:22:23 +0800] "GET /demo/fan HTTP/1.1" 200 3004
0:0:0:0:0:0:0:1 - - [11/Apr/2018:16:22:23 +0800] "GET /resources/css/jquery.ui.all.css HTTP/1.1" 304 -
0:0:0:0:0:0:0:1 - - [11/Apr/2018:16:22:23 +0800] "GET /resources/css/userpanel.css HTTP/1.1" 304 -
0:0:0:0:0:0:0:1 - - [11/Apr/2018:16:22:23 +0800] "GET /resources/css/style_log.css HTTP/1.1" 200 12427
0:0:0:0:0:0:0:1 - - [11/Apr/2018:16:22:23 +0800] "GET /demo/Wopop_files/logo.png HTTP/1.1" 404 140
0:0:0:0:0:0:0:1 - - [11/Apr/2018:16:22:23 +0800] "GET /resources/css/jquery.ui.base.css HTTP/1.1" 404 147
0:0:0:0:0:0:0:1 - - [11/Apr/2018:16:22:23 +0800] "GET /resources/css/jquery.ui.theme.css HTTP/1.1" 404 148
0:0:0:0:0:0:0:1 - - [11/Apr/2018:16:22:23 +0800] "GET /resources/css/login_m_bg.png HTTP/1.1" 404 143
0:0:0:0:0:0:0:1 - - [11/Apr/2018:16:22:23 +0800] "GET /resources/css/site_bg.png HTTP/1.1" 404 140
0:0:0:0:0:0:0:1 - - [11/Apr/2018:16:22:23 +0800] "GET /resources/images/txt_input_bg.gif HTTP/1.1" 404 148
0:0:0:0:0:0:0:1 - - [11/Apr/2018:16:22:23 +0800] "GET /resources/imgs/login_bgx.gif HTTP/1.1" 200 38831
0:0:0:0:0:0:0:1 - - [11/Apr/2018:16:22:23 +0800] "GET /favicon.ico HTTP/1.1" 200 946
0:0:0:0:0:0:0:1 - - [11/Apr/2018:16:24:13 +0800] "GET /demo/fan HTTP/1.1" 200 3004
0:0:0:0:0:0:0:1 - - [11/Apr/2018:16:24:13 +0800] "GET /resources/css/style_log.css HTTP/1.1" 200 12423
0:0:0:0:0:0:0:1 - - [11/Apr/2018:16:24:13 +0800] "GET /resources/css/login_style.css HTTP/1.1" 304 -
0:0:0:0:0:0:0:1 - - [11/Apr/2018:16:24:13 +0800] "GET /demo/Wopop_files/logo.png HTTP/1.1" 404 140
0:0:0:0:0:0:0:1 - - [11/Apr/2018:16:24:13 +0800] "GET /resources/css/jquery.ui.theme.css HTTP/1.1" 404 148
0:0:0:0:0:0:0:1 - - [11/Apr/2018:16:24:13 +0800] "GET /resources/css/jquery.ui.base.css HTTP/1.1" 404 147
0:0:0:0:0:0:0:1 - - [11/Apr/2018:16:24:13 +0800] "GET /resources/imgs/login_bgx.gif HTTP/1.1" 304 -
0:0:0:0:0:0:0:1 - - [11/Apr/2018:16:24:13 +0800] "GET /resources/css/site_bg.png HTTP/1.1" 404 140
0:0:0:0:0:0:0:1 - - [11/Apr/2018:16:24:13 +0800] "GET /resources/css/login_m_bg.png HTTP/1.1" 404 143
0:0:0:0:0:0:0:1 - - [11/Apr/2018:16:24:13 +0800] "GET /resources/images/txt_input_bg.gif HTTP/1.1" 404 148
0:0:0:0:0:0:0:1 - - [11/Apr/2018:16:24:13 +0800] "GET /favicon.ico HTTP/1.1" 200 946
0:0:0:0:0:0:0:1 - - [11/Apr/2018:16:24:15 +0800] "GET /demo/fan HTTP/1.1" 200 3004
0:0:0:0:0:0:0:1 - - [11/Apr/2018:16:24:15 +0800] "GET /resources/css/style_log.css HTTP/1.1" 304 -
0:0:0:0:0:0:0:1 - - [11/Apr/2018:16:24:15 +0800] "GET /demo/Wopop_files/logo.png HTTP/1.1" 404 140
0:0:0:0:0:0:0:1 - - [11/Apr/2018:16:24:15 +0800] "GET /resources/css/jquery.ui.base.css HTTP/1.1" 404 147
0:0:0:0:0:0:0:1 - - [11/Apr/2018:16:24:15 +0800] "GET /resources/css/jquery.ui.theme.css HTTP/1.1" 404 148
0:0:0:0:0:0:0:1 - - [11/Apr/2018:16:24:15 +0800] "GET /favicon.ico HTTP/1.1" 200 946
0:0:0:0:0:0:0:1 - - [11/Apr/2018:16:24:47 +0800] "GET /demo/fan HTTP/1.1" 200 3004
0:0:0:0:0:0:0:1 - - [11/Apr/2018:16:24:47 +0800] "GET /resources/css/jquery.ui.all.css HTTP/1.1" 304 -
0:0:0:0:0:0:0:1 - - [11/Apr/2018:16:24:47 +0800] "GET /resources/css/userpanel.css HTTP/1.1" 304 -
0:0:0:0:0:0:0:1 - - [11/Apr/2018:16:24:47 +0800] "GET /resources/css/style_log.css HTTP/1.1" 200 12359
0:0:0:0:0:0:0:1 - - [11/Apr/2018:16:24:47 +0800] "GET /demo/Wopop_files/logo.png HTTP/1.1" 404 140
0:0:0:0:0:0:0:1 - - [11/Apr/2018:16:24:47 +0800] "GET /resources/css/jquery.ui.theme.css HTTP/1.1" 404 148
0:0:0:0:0:0:0:1 - - [11/Apr/2018:16:24:47 +0800] "GET /resources/css/jquery.ui.base.css HTTP/1.1" 404 147
0:0:0:0:0:0:0:1 - - [11/Apr/2018:16:24:47 +0800] "GET /resources/imgs/login_bgx.gif HTTP/1.1" 304 -
0:0:0:0:0:0:0:1 - - [11/Apr/2018:16:24:47 +0800] "GET /resources/css/site_bg.png HTTP/1.1" 404 140
0:0:0:0:0:0:0:1 - - [11/Apr/2018:16:24:47 +0800] "GET /resources/imgs/txt_input_bg.gif HTTP/1.1" 404 146
0:0:0:0:0:0:0:1 - - [11/Apr/2018:16:24:47 +0800] "GET /resources/css/login_m_bg.png HTTP/1.1" 404 143
0:0:0:0:0:0:0:1 - - [11/Apr/2018:16:24:47 +0800] "GET /favicon.ico HTTP/1.1" 200 946
0:0:0:0:0:0:0:1 - - [11/Apr/2018:16:24:51 +0800] "GET /resources/css/style_log.css HTTP/1.1" 304 -
0:0:0:0:0:0:0:1 - - [11/Apr/2018:16:24:51 +0800] "GET /resources/css/jquery.ui.base.css HTTP/1.1" 404 147
0:0:0:0:0:0:0:1 - - [11/Apr/2018:16:24:51 +0800] "GET /resources/css/jquery.ui.theme.css HTTP/1.1" 404 148
0:0:0:0:0:0:0:1 - - [11/Apr/2018:16:26:24 +0800] "GET /demo/fan HTTP/1.1" 200 3004
0:0:0:0:0:0:0:1 - - [11/Apr/2018:16:26:24 +0800] "GET /resources/css/style_log.css HTTP/1.1" 304 -
0:0:0:0:0:0:0:1 - - [11/Apr/2018:16:26:24 +0800] "GET /resources/css/jquery.ui.theme.css HTTP/1.1" 404 148
0:0:0:0:0:0:0:1 - - [11/Apr/2018:16:26:24 +0800] "GET /demo/Wopop_files/logo.png HTTP/1.1" 404 140
0:0:0:0:0:0:0:1 - - [11/Apr/2018:16:26:24 +0800] "GET /resources/css/jquery.ui.base.css HTTP/1.1" 404 147
0:0:0:0:0:0:0:1 - - [11/Apr/2018:16:26:49 +0800] "GET /demo/fan HTTP/1.1" 200 3004
0:0:0:0:0:0:0:1 - - [11/Apr/2018:16:26:49 +0800] "GET /resources/css/login_style.css HTTP/1.1" 200 15523
0:0:0:0:0:0:0:1 - - [11/Apr/2018:16:26:49 +0800] "GET /resources/css/style_log.css HTTP/1.1" 200 12359
0:0:0:0:0:0:0:1 - - [11/Apr/2018:16:26:49 +0800] "GET /resources/css/jquery.ui.all.css HTTP/1.1" 200 291
0:0:0:0:0:0:0:1 - - [11/Apr/2018:16:26:49 +0800] "GET /resources/css/userpanel.css HTTP/1.1" 200 20996
0:0:0:0:0:0:0:1 - - [11/Apr/2018:16:26:49 +0800] "GET /demo/Wopop_files/logo.png HTTP/1.1" 404 140
0:0:0:0:0:0:0:1 - - [11/Apr/2018:16:26:49 +0800] "GET /resources/css/jquery.ui.theme.css HTTP/1.1" 404 148
0:0:0:0:0:0:0:1 - - [11/Apr/2018:16:26:49 +0800] "GET /resources/css/jquery.ui.base.css HTTP/1.1" 404 147
0:0:0:0:0:0:0:1 - - [11/Apr/2018:16:26:49 +0800] "GET /resources/imgs/login_bgx.gif HTTP/1.1" 200 38831
0:0:0:0:0:0:0:1 - - [11/Apr/2018:16:26:49 +0800] "GET /resources/css/login_m_bg.png HTTP/1.1" 404 143
0:0:0:0:0:0:0:1 - - [11/Apr/2018:16:26:49 +0800] "GET /resources/css/site_bg.png HTTP/1.1" 404 140
0:0:0:0:0:0:0:1 - - [11/Apr/2018:16:26:49 +0800] "GET /resources/imgs/txt_input_bg.gif HTTP/1.1" 404 146
0:0:0:0:0:0:0:1 - - [11/Apr/2018:16:26:49 +0800] "GET /favicon.ico HTTP/1.1" 200 946
0:0:0:0:0:0:0:1 - - [11/Apr/2018:16:27:38 +0800] "GET /demo/fan HTTP/1.1" 200 3004
0:0:0:0:0:0:0:1 - - [11/Apr/2018:16:27:38 +0800] "GET /resources/css/style_log.css HTTP/1.1" 304 -
0:0:0:0:0:0:0:1 - - [11/Apr/2018:16:27:38 +0800] "GET /resources/css/userpanel.css HTTP/1.1" 304 -
0:0:0:0:0:0:0:1 - - [11/Apr/2018:16:27:38 +0800] "GET /resources/css/login_style.css HTTP/1.1" 304 -
0:0:0:0:0:0:0:1 - - [11/Apr/2018:16:27:38 +0800] "GET /resources/css/jquery.ui.all.css HTTP/1.1" 304 -
0:0:0:0:0:0:0:1 - - [11/Apr/2018:16:27:38 +0800] "GET /demo/Wopop_files/logo.png HTTP/1.1" 404 140
0:0:0:0:0:0:0:1 - - [11/Apr/2018:16:27:38 +0800] "GET /resources/css/jquery.ui.theme.css HTTP/1.1" 404 148
0:0:0:0:0:0:0:1 - - [11/Apr/2018:16:27:38 +0800] "GET /resources/css/jquery.ui.base.css HTTP/1.1" 404 147
0:0:0:0:0:0:0:1 - - [11/Apr/2018:16:27:39 +0800] "GET /demo/fan HTTP/1.1" 200 3004
0:0:0:0:0:0:0:1 - - [11/Apr/2018:16:27:39 +0800] "GET /resources/css/jquery.ui.base.css HTTP/1.1" 404 147
0:0:0:0:0:0:0:1 - - [11/Apr/2018:16:27:39 +0800] "GET /resources/css/jquery.ui.theme.css HTTP/1.1" 404 148
0:0:0:0:0:0:0:1 - - [11/Apr/2018:16:27:39 +0800] "GET /demo/Wopop_files/logo.png HTTP/1.1" 404 140
0:0:0:0:0:0:0:1 - - [11/Apr/2018:16:28:49 +0800] "GET /demo/fan HTTP/1.1" 200 3004
0:0:0:0:0:0:0:1 - - [11/Apr/2018:16:28:49 +0800] "GET /resources/css/style_log.css HTTP/1.1" 304 -
0:0:0:0:0:0:0:1 - - [11/Apr/2018:16:28:49 +0800] "GET /resources/css/jquery.ui.theme.css HTTP/1.1" 404 148
0:0:0:0:0:0:0:1 - - [11/Apr/2018:16:28:49 +0800] "GET /demo/Wopop_files/logo.png HTTP/1.1" 404 140
0:0:0:0:0:0:0:1 - - [11/Apr/2018:16:28:49 +0800] "GET /resources/css/jquery.ui.base.css HTTP/1.1" 404 147
0:0:0:0:0:0:0:1 - - [11/Apr/2018:16:28:51 +0800] "GET /demo/fan HTTP/1.1" 200 3004
0:0:0:0:0:0:0:1 - - [11/Apr/2018:16:28:51 +0800] "GET /resources/css/style_log.css HTTP/1.1" 200 12359
0:0:0:0:0:0:0:1 - - [11/Apr/2018:16:28:51 +0800] "GET /resources/css/jquery.ui.all.css HTTP/1.1" 200 291
0:0:0:0:0:0:0:1 - - [11/Apr/2018:16:28:51 +0800] "GET /resources/css/userpanel.css HTTP/1.1" 200 20996
0:0:0:0:0:0:0:1 - - [11/Apr/2018:16:28:51 +0800] "GET /resources/css/login_style.css HTTP/1.1" 200 15523
0:0:0:0:0:0:0:1 - - [11/Apr/2018:16:28:51 +0800] "GET /resources/css/jquery.ui.base.css HTTP/1.1" 404 147
0:0:0:0:0:0:0:1 - - [11/Apr/2018:16:28:51 +0800] "GET /resources/css/jquery.ui.theme.css HTTP/1.1" 404 148
0:0:0:0:0:0:0:1 - - [11/Apr/2018:16:28:51 +0800] "GET /demo/Wopop_files/logo.png HTTP/1.1" 404 140
0:0:0:0:0:0:0:1 - - [11/Apr/2018:16:28:51 +0800] "GET /resources/imgs/login_bgx.gif HTTP/1.1" 200 38831
0:0:0:0:0:0:0:1 - - [11/Apr/2018:16:28:51 +0800] "GET /resources/css/site_bg.png HTTP/1.1" 404 140
0:0:0:0:0:0:0:1 - - [11/Apr/2018:16:28:51 +0800] "GET /resources/imgs/txt_input_bg.gif HTTP/1.1" 404 146
0:0:0:0:0:0:0:1 - - [11/Apr/2018:16:28:51 +0800] "GET /resources/css/login_m_bg.png HTTP/1.1" 404 143
0:0:0:0:0:0:0:1 - - [11/Apr/2018:16:28:52 +0800] "GET /demo/fan HTTP/1.1" 200 3004
0:0:0:0:0:0:0:1 - - [11/Apr/2018:16:28:52 +0800] "GET /resources/css/style_log.css HTTP/1.1" 200 12359
0:0:0:0:0:0:0:1 - - [11/Apr/2018:16:28:52 +0800] "GET /resources/css/login_style.css HTTP/1.1" 200 15523
0:0:0:0:0:0:0:1 - - [11/Apr/2018:16:28:52 +0800] "GET /resources/css/userpanel.css HTTP/1.1" 200 20996
0:0:0:0:0:0:0:1 - - [11/Apr/2018:16:28:52 +0800] "GET /resources/css/jquery.ui.all.css HTTP/1.1" 200 291
0:0:0:0:0:0:0:1 - - [11/Apr/2018:16:28:52 +0800] "GET /demo/Wopop_files/logo.png HTTP/1.1" 404 140
0:0:0:0:0:0:0:1 - - [11/Apr/2018:16:28:52 +0800] "GET /resources/css/jquery.ui.base.css HTTP/1.1" 404 147
0:0:0:0:0:0:0:1 - - [11/Apr/2018:16:28:52 +0800] "GET /resources/imgs/login_bgx.gif HTTP/1.1" 200 38831
0:0:0:0:0:0:0:1 - - [11/Apr/2018:16:28:52 +0800] "GET /resources/css/jquery.ui.theme.css HTTP/1.1" 404 148
0:0:0:0:0:0:0:1 - - [11/Apr/2018:16:28:52 +0800] "GET /resources/css/login_m_bg.png HTTP/1.1" 404 143
0:0:0:0:0:0:0:1 - - [11/Apr/2018:16:28:52 +0800] "GET /resources/css/site_bg.png HTTP/1.1" 404 140
0:0:0:0:0:0:0:1 - - [11/Apr/2018:16:28:52 +0800] "GET /resources/imgs/txt_input_bg.gif HTTP/1.1" 404 146
0:0:0:0:0:0:0:1 - - [11/Apr/2018:16:28:52 +0800] "GET /demo/fan HTTP/1.1" 200 3004
0:0:0:0:0:0:0:1 - - [11/Apr/2018:16:28:52 +0800] "GET /resources/css/style_log.css HTTP/1.1" 200 12359
0:0:0:0:0:0:0:1 - - [11/Apr/2018:16:28:52 +0800] "GET /resources/css/jquery.ui.all.css HTTP/1.1" 200 291
0:0:0:0:0:0:0:1 - - [11/Apr/2018:16:28:52 +0800] "GET /resources/css/userpanel.css HTTP/1.1" 200 20996
0:0:0:0:0:0:0:1 - - [11/Apr/2018:16:28:52 +0800] "GET /resources/css/login_style.css HTTP/1.1" 200 15523
0:0:0:0:0:0:0:1 - - [11/Apr/2018:16:28:52 +0800] "GET /demo/Wopop_files/logo.png HTTP/1.1" 404 140
0:0:0:0:0:0:0:1 - - [11/Apr/2018:16:28:52 +0800] "GET /resources/css/jquery.ui.theme.css HTTP/1.1" 404 148
0:0:0:0:0:0:0:1 - - [11/Apr/2018:16:28:52 +0800] "GET /resources/css/jquery.ui.base.css HTTP/1.1" 404 147
0:0:0:0:0:0:0:1 - - [11/Apr/2018:16:28:52 +0800] "GET /resources/imgs/login_bgx.gif HTTP/1.1" 200 38831
0:0:0:0:0:0:0:1 - - [11/Apr/2018:16:28:52 +0800] "GET /resources/css/site_bg.png HTTP/1.1" 404 140
0:0:0:0:0:0:0:1 - - [11/Apr/2018:16:28:52 +0800] "GET /resources/css/login_m_bg.png HTTP/1.1" 404 143
0:0:0:0:0:0:0:1 - - [11/Apr/2018:16:28:52 +0800] "GET /resources/imgs/txt_input_bg.gif HTTP/1.1" 404 146
0:0:0:0:0:0:0:1 - - [11/Apr/2018:16:28:52 +0800] "GET /demo/fan HTTP/1.1" 200 3004
0:0:0:0:0:0:0:1 - - [11/Apr/2018:16:28:52 +0800] "GET /resources/css/style_log.css HTTP/1.1" 200 12359
0:0:0:0:0:0:0:1 - - [11/Apr/2018:16:28:52 +0800] "GET /resources/css/userpanel.css HTTP/1.1" 200 20996
0:0:0:0:0:0:0:1 - - [11/Apr/2018:16:28:52 +0800] "GET /resources/css/jquery.ui.all.css HTTP/1.1" 200 291
0:0:0:0:0:0:0:1 - - [11/Apr/2018:16:28:52 +0800] "GET /demo/Wopop_files/logo.png HTTP/1.1" 404 140
0:0:0:0:0:0:0:1 - - [11/Apr/2018:16:28:52 +0800] "GET /resources/css/login_style.css HTTP/1.1" 200 15523
0:0:0:0:0:0:0:1 - - [11/Apr/2018:16:28:52 +0800] "GET /resources/css/jquery.ui.base.css HTTP/1.1" 404 147
0:0:0:0:0:0:0:1 - - [11/Apr/2018:16:28:52 +0800] "GET /resources/css/jquery.ui.theme.css HTTP/1.1" 404 148
0:0:0:0:0:0:0:1 - - [11/Apr/2018:16:28:52 +0800] "GET /resources/imgs/txt_input_bg.gif HTTP/1.1" 404 146
0:0:0:0:0:0:0:1 - - [11/Apr/2018:16:28:52 +0800] "GET /resources/imgs/login_bgx.gif HTTP/1.1" 200 38831
0:0:0:0:0:0:0:1 - - [11/Apr/2018:16:28:52 +0800] "GET /resources/css/login_m_bg.png HTTP/1.1" 404 143
0:0:0:0:0:0:0:1 - - [11/Apr/2018:16:28:52 +0800] "GET /resources/css/site_bg.png HTTP/1.1" 404 140
0:0:0:0:0:0:0:1 - - [11/Apr/2018:16:28:52 +0800] "GET /demo/fan HTTP/1.1" 200 3004
0:0:0:0:0:0:0:1 - - [11/Apr/2018:16:28:52 +0800] "GET /resources/css/style_log.css HTTP/1.1" 200 12359
0:0:0:0:0:0:0:1 - - [11/Apr/2018:16:28:52 +0800] "GET /resources/css/jquery.ui.all.css HTTP/1.1" 200 291
0:0:0:0:0:0:0:1 - - [11/Apr/2018:16:28:52 +0800] "GET /resources/css/userpanel.css HTTP/1.1" 200 20996
0:0:0:0:0:0:0:1 - - [11/Apr/2018:16:28:52 +0800] "GET /resources/css/login_style.css HTTP/1.1" 200 15523
0:0:0:0:0:0:0:1 - - [11/Apr/2018:16:28:52 +0800] "GET /demo/Wopop_files/logo.png HTTP/1.1" 404 140
0:0:0:0:0:0:0:1 - - [11/Apr/2018:16:28:52 +0800] "GET /resources/css/jquery.ui.base.css HTTP/1.1" 404 147
0:0:0:0:0:0:0:1 - - [11/Apr/2018:16:28:53 +0800] "GET /resources/css/jquery.ui.theme.css HTTP/1.1" 404 148
0:0:0:0:0:0:0:1 - - [11/Apr/2018:16:28:53 +0800] "GET /resources/imgs/login_bgx.gif HTTP/1.1" 200 38831
0:0:0:0:0:0:0:1 - - [11/Apr/2018:16:28:53 +0800] "GET /resources/css/site_bg.png HTTP/1.1" 404 140
0:0:0:0:0:0:0:1 - - [11/Apr/2018:16:28:53 +0800] "GET /resources/imgs/txt_input_bg.gif HTTP/1.1" 404 146
0:0:0:0:0:0:0:1 - - [11/Apr/2018:16:28:53 +0800] "GET /resources/css/login_m_bg.png HTTP/1.1" 404 143
0:0:0:0:0:0:0:1 - - [11/Apr/2018:16:28:53 +0800] "GET /demo/fan HTTP/1.1" 200 3004
0:0:0:0:0:0:0:1 - - [11/Apr/2018:16:28:53 +0800] "GET /resources/css/style_log.css HTTP/1.1" 200 12359
0:0:0:0:0:0:0:1 - - [11/Apr/2018:16:28:53 +0800] "GET /resources/css/login_style.css HTTP/1.1" 200 15523
0:0:0:0:0:0:0:1 - - [11/Apr/2018:16:28:53 +0800] "GET /resources/css/userpanel.css HTTP/1.1" 200 20996
0:0:0:0:0:0:0:1 - - [11/Apr/2018:16:28:53 +0800] "GET /resources/css/jquery.ui.all.css HTTP/1.1" 200 291
0:0:0:0:0:0:0:1 - - [11/Apr/2018:16:28:53 +0800] "GET /demo/Wopop_files/logo.png HTTP/1.1" 404 140
0:0:0:0:0:0:0:1 - - [11/Apr/2018:16:28:53 +0800] "GET /resources/css/jquery.ui.base.css HTTP/1.1" 404 147
0:0:0:0:0:0:0:1 - - [11/Apr/2018:16:28:53 +0800] "GET /resources/imgs/login_bgx.gif HTTP/1.1" 200 38831
0:0:0:0:0:0:0:1 - - [11/Apr/2018:16:28:53 +0800] "GET /resources/css/jquery.ui.theme.css HTTP/1.1" 404 148
0:0:0:0:0:0:0:1 - - [11/Apr/2018:16:28:53 +0800] "GET /resources/css/login_m_bg.png HTTP/1.1" 404 143
0:0:0:0:0:0:0:1 - - [11/Apr/2018:16:28:53 +0800] "GET /resources/css/site_bg.png HTTP/1.1" 404 140
0:0:0:0:0:0:0:1 - - [11/Apr/2018:16:28:53 +0800] "GET /resources/imgs/txt_input_bg.gif HTTP/1.1" 404 146
0:0:0:0:0:0:0:1 - - [11/Apr/2018:16:28:53 +0800] "GET /demo/fan HTTP/1.1" 200 3004
0:0:0:0:0:0:0:1 - - [11/Apr/2018:16:28:53 +0800] "GET /resources/css/style_log.css HTTP/1.1" 200 12359
0:0:0:0:0:0:0:1 - - [11/Apr/2018:16:28:53 +0800] "GET /resources/css/userpanel.css HTTP/1.1" 200 20996
0:0:0:0:0:0:0:1 - - [11/Apr/2018:16:28:53 +0800] "GET /resources/css/jquery.ui.all.css HTTP/1.1" 200 291
0:0:0:0:0:0:0:1 - - [11/Apr/2018:16:28:53 +0800] "GET /resources/css/login_style.css HTTP/1.1" 200 15523
0:0:0:0:0:0:0:1 - - [11/Apr/2018:16:28:53 +0800] "GET /demo/Wopop_files/logo.png HTTP/1.1" 404 140
0:0:0:0:0:0:0:1 - - [11/Apr/2018:16:28:53 +0800] "GET /resources/css/jquery.ui.theme.css HTTP/1.1" 404 148
0:0:0:0:0:0:0:1 - - [11/Apr/2018:16:28:53 +0800] "GET /resources/css/jquery.ui.base.css HTTP/1.1" 404 147
0:0:0:0:0:0:0:1 - - [11/Apr/2018:16:28:53 +0800] "GET /resources/imgs/login_bgx.gif HTTP/1.1" 200 38831
0:0:0:0:0:0:0:1 - - [11/Apr/2018:16:28:53 +0800] "GET /resources/css/login_m_bg.png HTTP/1.1" 404 143
0:0:0:0:0:0:0:1 - - [11/Apr/2018:16:28:53 +0800] "GET /resources/imgs/txt_input_bg.gif HTTP/1.1" 404 146
0:0:0:0:0:0:0:1 - - [11/Apr/2018:16:28:53 +0800] "GET /resources/css/site_bg.png HTTP/1.1" 404 140
0:0:0:0:0:0:0:1 - - [11/Apr/2018:16:28:53 +0800] "GET /demo/fan HTTP/1.1" 200 3004
0:0:0:0:0:0:0:1 - - [11/Apr/2018:16:28:53 +0800] "GET /resources/css/style_log.css HTTP/1.1" 200 12359
0:0:0:0:0:0:0:1 - - [11/Apr/2018:16:28:53 +0800] "GET /resources/css/login_style.css HTTP/1.1" 200 15523
0:0:0:0:0:0:0:1 - - [11/Apr/2018:16:28:53 +0800] "GET /resources/css/jquery.ui.all.css HTTP/1.1" 200 291
0:0:0:0:0:0:0:1 - - [11/Apr/2018:16:28:53 +0800] "GET /resources/css/userpanel.css HTTP/1.1" 200 20996
0:0:0:0:0:0:0:1 - - [11/Apr/2018:16:28:53 +0800] "GET /demo/Wopop_files/logo.png HTTP/1.1" 404 140
0:0:0:0:0:0:0:1 - - [11/Apr/2018:16:28:53 +0800] "GET /resources/css/jquery.ui.base.css HTTP/1.1" 404 147
0:0:0:0:0:0:0:1 - - [11/Apr/2018:16:28:53 +0800] "GET /resources/css/jquery.ui.theme.css HTTP/1.1" 404 148
0:0:0:0:0:0:0:1 - - [11/Apr/2018:16:28:53 +0800] "GET /resources/imgs/login_bgx.gif HTTP/1.1" 200 38831
0:0:0:0:0:0:0:1 - - [11/Apr/2018:16:28:53 +0800] "GET /resources/css/login_m_bg.png HTTP/1.1" 404 143
0:0:0:0:0:0:0:1 - - [11/Apr/2018:16:28:53 +0800] "GET /resources/css/site_bg.png HTTP/1.1" 404 140
0:0:0:0:0:0:0:1 - - [11/Apr/2018:16:28:53 +0800] "GET /resources/imgs/txt_input_bg.gif HTTP/1.1" 404 146
0:0:0:0:0:0:0:1 - - [11/Apr/2018:16:33:31 +0800] "GET /demo/fan HTTP/1.1" 200 3004
0:0:0:0:0:0:0:1 - - [11/Apr/2018:16:33:31 +0800] "GET /resources/css/style_log.css HTTP/1.1" 200 12358
0:0:0:0:0:0:0:1 - - [11/Apr/2018:16:33:31 +0800] "GET /resources/css/login_style.css HTTP/1.1" 200 15523
0:0:0:0:0:0:0:1 - - [11/Apr/2018:16:33:31 +0800] "GET /resources/css/userpanel.css HTTP/1.1" 200 20996
0:0:0:0:0:0:0:1 - - [11/Apr/2018:16:33:31 +0800] "GET /resources/css/jquery.ui.all.css HTTP/1.1" 200 291
0:0:0:0:0:0:0:1 - - [11/Apr/2018:16:33:31 +0800] "GET /demo/Wopop_files/logo.png HTTP/1.1" 404 140
0:0:0:0:0:0:0:1 - - [11/Apr/2018:16:33:31 +0800] "GET /resources/css/jquery.ui.base.css HTTP/1.1" 404 147
0:0:0:0:0:0:0:1 - - [11/Apr/2018:16:33:31 +0800] "GET /resources/css/jquery.ui.theme.css HTTP/1.1" 404 148
0:0:0:0:0:0:0:1 - - [11/Apr/2018:16:33:31 +0800] "GET /resources/css/site_bg.png HTTP/1.1" 404 140
0:0:0:0:0:0:0:1 - - [11/Apr/2018:16:33:31 +0800] "GET /resources/css/login_m_bg.png HTTP/1.1" 404 143
0:0:0:0:0:0:0:1 - - [11/Apr/2018:16:33:31 +0800] "GET /resources/css/login_bgx.gif HTTP/1.1" 404 142
0:0:0:0:0:0:0:1 - - [11/Apr/2018:16:33:31 +0800] "GET /resources/imgs/txt_input_bg.gif HTTP/1.1" 404 146
0:0:0:0:0:0:0:1 - - [11/Apr/2018:16:33:39 +0800] "GET /demo/fan HTTP/1.1" 200 3004
0:0:0:0:0:0:0:1 - - [11/Apr/2018:16:33:39 +0800] "GET /resources/css/style_log.css HTTP/1.1" 200 12359
0:0:0:0:0:0:0:1 - - [11/Apr/2018:16:33:39 +0800] "GET /resources/css/login_style.css HTTP/1.1" 200 15523
0:0:0:0:0:0:0:1 - - [11/Apr/2018:16:33:39 +0800] "GET /resources/css/userpanel.css HTTP/1.1" 200 20996
0:0:0:0:0:0:0:1 - - [11/Apr/2018:16:33:39 +0800] "GET /resources/css/jquery.ui.all.css HTTP/1.1" 200 291
0:0:0:0:0:0:0:1 - - [11/Apr/2018:16:33:39 +0800] "GET /demo/Wopop_files/logo.png HTTP/1.1" 404 140
0:0:0:0:0:0:0:1 - - [11/Apr/2018:16:33:39 +0800] "GET /resources/css/jquery.ui.base.css HTTP/1.1" 404 147
0:0:0:0:0:0:0:1 - - [11/Apr/2018:16:33:39 +0800] "GET /resources/css/jquery.ui.theme.css HTTP/1.1" 404 148
0:0:0:0:0:0:0:1 - - [11/Apr/2018:16:33:39 +0800] "GET /resources/imgs/login_bgx.gif HTTP/1.1" 200 38831
0:0:0:0:0:0:0:1 - - [11/Apr/2018:16:33:39 +0800] "GET /resources/css/login_m_bg.png HTTP/1.1" 404 143
0:0:0:0:0:0:0:1 - - [11/Apr/2018:16:33:39 +0800] "GET /resources/css/site_bg.png HTTP/1.1" 404 140
0:0:0:0:0:0:0:1 - - [11/Apr/2018:16:33:39 +0800] "GET /resources/imgs/txt_input_bg.gif HTTP/1.1" 404 146
0:0:0:0:0:0:0:1 - - [11/Apr/2018:16:36:10 +0800] "GET /demo/fan HTTP/1.1" 200 3004
0:0:0:0:0:0:0:1 - - [11/Apr/2018:16:36:10 +0800] "GET /resources/css/style_log.css HTTP/1.1" 200 12359
0:0:0:0:0:0:0:1 - - [11/Apr/2018:16:36:10 +0800] "GET /resources/css/login_style.css HTTP/1.1" 200 15523
0:0:0:0:0:0:0:1 - - [11/Apr/2018:16:36:10 +0800] "GET /resources/css/jquery.ui.all.css HTTP/1.1" 200 291
0:0:0:0:0:0:0:1 - - [11/Apr/2018:16:36:10 +0800] "GET /resources/css/userpanel.css HTTP/1.1" 200 20996
0:0:0:0:0:0:0:1 - - [11/Apr/2018:16:36:10 +0800] "GET /demo/Wopop_files/logo.png HTTP/1.1" 404 140
0:0:0:0:0:0:0:1 - - [11/Apr/2018:16:36:10 +0800] "GET /resources/css/jquery.ui.theme.css HTTP/1.1" 404 148
0:0:0:0:0:0:0:1 - - [11/Apr/2018:16:36:10 +0800] "GET /resources/css/jquery.ui.base.css HTTP/1.1" 404 147
0:0:0:0:0:0:0:1 - - [11/Apr/2018:16:36:10 +0800] "GET /resources/imgs/login_bgx.png HTTP/1.1" 200 38831
0:0:0:0:0:0:0:1 - - [11/Apr/2018:16:36:10 +0800] "GET /resources/css/login_m_bg.png HTTP/1.1" 404 143
0:0:0:0:0:0:0:1 - - [11/Apr/2018:16:36:10 +0800] "GET /resources/css/site_bg.png HTTP/1.1" 404 140
0:0:0:0:0:0:0:1 - - [11/Apr/2018:16:36:10 +0800] "GET /resources/imgs/txt_input_bg.gif HTTP/1.1" 404 146
0:0:0:0:0:0:0:1 - - [11/Apr/2018:16:39:34 +0800] "GET /demo/fan HTTP/1.1" 200 3004
0:0:0:0:0:0:0:1 - - [11/Apr/2018:16:39:34 +0800] "GET /resources/css/userpanel.css HTTP/1.1" 304 -
0:0:0:0:0:0:0:1 - - [11/Apr/2018:16:39:34 +0800] "GET /resources/css/style_log.css HTTP/1.1" 304 -
0:0:0:0:0:0:0:1 - - [11/Apr/2018:16:39:34 +0800] "GET /resources/css/jquery.ui.all.css HTTP/1.1" 304 -
0:0:0:0:0:0:0:1 - - [11/Apr/2018:16:39:34 +0800] "GET /demo/Wopop_files/logo.png HTTP/1.1" 404 140
0:0:0:0:0:0:0:1 - - [11/Apr/2018:16:39:34 +0800] "GET /resources/css/jquery.ui.theme.css HTTP/1.1" 404 148
0:0:0:0:0:0:0:1 - - [11/Apr/2018:16:39:34 +0800] "GET /resources/css/jquery.ui.base.css HTTP/1.1" 404 147
0:0:0:0:0:0:0:1 - - [11/Apr/2018:16:39:34 +0800] "GET /resources/imgs/login_bgx.png HTTP/1.1" 304 -
0:0:0:0:0:0:0:1 - - [11/Apr/2018:16:39:34 +0800] "GET /resources/imgs/txt_input_bg.gif HTTP/1.1" 404 146
0:0:0:0:0:0:0:1 - - [11/Apr/2018:16:39:34 +0800] "GET /resources/css/login_m_bg.png HTTP/1.1" 404 143
0:0:0:0:0:0:0:1 - - [11/Apr/2018:16:39:34 +0800] "GET /resources/css/site_bg.png HTTP/1.1" 404 140
0:0:0:0:0:0:0:1 - - [11/Apr/2018:16:40:24 +0800] "GET /demo/fan HTTP/1.1" 200 3004
0:0:0:0:0:0:0:1 - - [11/Apr/2018:16:40:24 +0800] "GET /resources/css/style_log.css HTTP/1.1" 200 12367
0:0:0:0:0:0:0:1 - - [11/Apr/2018:16:40:24 +0800] "GET /resources/css/login_style.css HTTP/1.1" 304 -
0:0:0:0:0:0:0:1 - - [11/Apr/2018:16:40:24 +0800] "GET /demo/Wopop_files/logo.png HTTP/1.1" 404 140
0:0:0:0:0:0:0:1 - - [11/Apr/2018:16:40:24 +0800] "GET /resources/css/jquery.ui.theme.css HTTP/1.1" 404 148
0:0:0:0:0:0:0:1 - - [11/Apr/2018:16:40:24 +0800] "GET /resources/css/jquery.ui.base.css HTTP/1.1" 404 147
0:0:0:0:0:0:0:1 - - [11/Apr/2018:16:40:24 +0800] "GET /resources/imgs/login_m_bg.png HTTP/1.1" 200 2886
0:0:0:0:0:0:0:1 - - [11/Apr/2018:16:40:24 +0800] "GET /resources/css/site_bg.png HTTP/1.1" 404 140
0:0:0:0:0:0:0:1 - - [11/Apr/2018:16:40:24 +0800] "GET /resources/imgs/txt_input_bg.gif HTTP/1.1" 404 146
0:0:0:0:0:0:0:1 - - [11/Apr/2018:16:40:53 +0800] "GET /demo/fan HTTP/1.1" 200 3004
0:0:0:0:0:0:0:1 - - [11/Apr/2018:16:40:53 +0800] "GET /resources/css/style_log.css HTTP/1.1" 200 12383
0:0:0:0:0:0:0:1 - - [11/Apr/2018:16:40:53 +0800] "GET /demo/Wopop_files/logo.png HTTP/1.1" 404 140
0:0:0:0:0:0:0:1 - - [11/Apr/2018:16:40:53 +0800] "GET /resources/css/jquery.ui.base.css HTTP/1.1" 404 147
0:0:0:0:0:0:0:1 - - [11/Apr/2018:16:40:53 +0800] "GET /resources/css/jquery.ui.theme.css HTTP/1.1" 404 148
0:0:0:0:0:0:0:1 - - [11/Apr/2018:16:40:53 +0800] "GET /resources/imgs/site_bg.png HTTP/1.1" 200 52444
0:0:0:0:0:0:0:1 - - [11/Apr/2018:16:40:53 +0800] "GET /resources/imgs/txt_input_bg.gif HTTP/1.1" 404 146
0:0:0:0:0:0:0:1 - - [11/Apr/2018:16:41:20 +0800] "GET /demo/fan HTTP/1.1" 200 3004
0:0:0:0:0:0:0:1 - - [11/Apr/2018:16:41:20 +0800] "GET /resources/css/login_style.css HTTP/1.1" 304 -
0:0:0:0:0:0:0:1 - - [11/Apr/2018:16:41:20 +0800] "GET /resources/css/style_log.css HTTP/1.1" 200 12383
0:0:0:0:0:0:0:1 - - [11/Apr/2018:16:41:20 +0800] "GET /resources/css/jquery.ui.all.css HTTP/1.1" 304 -
0:0:0:0:0:0:0:1 - - [11/Apr/2018:16:41:20 +0800] "GET /resources/css/userpanel.css HTTP/1.1" 304 -
0:0:0:0:0:0:0:1 - - [11/Apr/2018:16:41:20 +0800] "GET /resources/css/jquery.ui.theme.css HTTP/1.1" 404 148
0:0:0:0:0:0:0:1 - - [11/Apr/2018:16:41:20 +0800] "GET /resources/css/jquery.ui.base.css HTTP/1.1" 404 147
0:0:0:0:0:0:0:1 - - [11/Apr/2018:16:41:20 +0800] "GET /demo/Wopop_files/logo.png HTTP/1.1" 404 140
0:0:0:0:0:0:0:1 - - [11/Apr/2018:16:41:20 +0800] "GET /resources/imgs/login_bgx.png HTTP/1.1" 200 38831
0:0:0:0:0:0:0:1 - - [11/Apr/2018:16:41:20 +0800] "GET /resources/imgs/login_m_bg.png HTTP/1.1" 200 2886
0:0:0:0:0:0:0:1 - - [11/Apr/2018:16:41:20 +0800] "GET /resources/imgs/site_bg.png HTTP/1.1" 200 52444
0:0:0:0:0:0:0:1 - - [11/Apr/2018:16:41:20 +0800] "GET /resources/imgs/txt_input_bg.gif HTTP/1.1" 404 146
0:0:0:0:0:0:0:1 - - [11/Apr/2018:16:41:20 +0800] "GET /favicon.ico HTTP/1.1" 200 946
0:0:0:0:0:0:0:1 - - [11/Apr/2018:16:42:05 +0800] "GET /demo/fan HTTP/1.1" 200 2722
0:0:0:0:0:0:0:1 - - [11/Apr/2018:16:42:05 +0800] "GET /resources/css/login_style.css HTTP/1.1" 304 -
0:0:0:0:0:0:0:1 - - [11/Apr/2018:16:42:05 +0800] "GET /resources/css/jquery.ui.all.css HTTP/1.1" 304 -
0:0:0:0:0:0:0:1 - - [11/Apr/2018:16:42:05 +0800] "GET /resources/css/style_log.css HTTP/1.1" 304 -
0:0:0:0:0:0:0:1 - - [11/Apr/2018:16:42:05 +0800] "GET /resources/css/userpanel.css HTTP/1.1" 304 -
0:0:0:0:0:0:0:1 - - [11/Apr/2018:16:42:05 +0800] "GET /demo/Wopop_files/logo.png HTTP/1.1" 404 140
0:0:0:0:0:0:0:1 - - [11/Apr/2018:16:42:05 +0800] "GET /resources/css/jquery.ui.theme.css HTTP/1.1" 404 148
0:0:0:0:0:0:0:1 - - [11/Apr/2018:16:42:05 +0800] "GET /resources/css/jquery.ui.base.css HTTP/1.1" 404 147
0:0:0:0:0:0:0:1 - - [11/Apr/2018:16:42:05 +0800] "GET /favicon.ico HTTP/1.1" 200 946
0:0:0:0:0:0:0:1 - - [11/Apr/2018:16:42:15 +0800] "GET /demo/fan HTTP/1.1" 200 2722
0:0:0:0:0:0:0:1 - - [11/Apr/2018:16:42:15 +0800] "GET /resources/css/style_log.css HTTP/1.1" 304 -
0:0:0:0:0:0:0:1 - - [11/Apr/2018:16:42:15 +0800] "GET /resources/css/login_style.css HTTP/1.1" 304 -
0:0:0:0:0:0:0:1 - - [11/Apr/2018:16:42:15 +0800] "GET /resources/css/userpanel.css HTTP/1.1" 304 -
0:0:0:0:0:0:0:1 - - [11/Apr/2018:16:42:15 +0800] "GET /resources/css/jquery.ui.all.css HTTP/1.1" 304 -
0:0:0:0:0:0:0:1 - - [11/Apr/2018:16:42:15 +0800] "GET /demo/Wopop_files/logo.png HTTP/1.1" 404 140
0:0:0:0:0:0:0:1 - - [11/Apr/2018:16:42:15 +0800] "GET /resources/css/jquery.ui.theme.css HTTP/1.1" 404 148
0:0:0:0:0:0:0:1 - - [11/Apr/2018:16:42:15 +0800] "GET /resources/css/jquery.ui.base.css HTTP/1.1" 404 147
0:0:0:0:0:0:0:1 - - [11/Apr/2018:16:42:15 +0800] "GET /favicon.ico HTTP/1.1" 200 946
0:0:0:0:0:0:0:1 - - [11/Apr/2018:16:42:45 +0800] "GET /demo/fan HTTP/1.1" 200 2722
0:0:0:0:0:0:0:1 - - [11/Apr/2018:16:42:45 +0800] "GET /resources/css/style_log.css HTTP/1.1" 304 -
0:0:0:0:0:0:0:1 - - [11/Apr/2018:16:42:45 +0800] "GET /demo/Wopop_files/logo.png HTTP/1.1" 404 140
0:0:0:0:0:0:0:1 - - [11/Apr/2018:16:42:45 +0800] "GET /resources/css/jquery.ui.base.css HTTP/1.1" 404 147
0:0:0:0:0:0:0:1 - - [11/Apr/2018:16:42:45 +0800] "GET /resources/css/jquery.ui.theme.css HTTP/1.1" 404 148
0:0:0:0:0:0:0:1 - - [11/Apr/2018:16:42:45 +0800] "GET /resources/imgs/login_bgx.png HTTP/1.1" 304 -
0:0:0:0:0:0:0:1 - - [11/Apr/2018:16:42:45 +0800] "GET /resources/imgs/login_m_bg.png HTTP/1.1" 304 -
0:0:0:0:0:0:0:1 - - [11/Apr/2018:16:42:45 +0800] "GET /resources/imgs/site_bg.png HTTP/1.1" 304 -
0:0:0:0:0:0:0:1 - - [11/Apr/2018:16:42:45 +0800] "GET /resources/imgs/txt_input_bg.gif HTTP/1.1" 404 146
0:0:0:0:0:0:0:1 - - [11/Apr/2018:16:42:45 +0800] "GET /favicon.ico HTTP/1.1" 200 946
0:0:0:0:0:0:0:1 - - [11/Apr/2018:16:48:57 +0800] "GET /demo/fan HTTP/1.1" 200 2724
0:0:0:0:0:0:0:1 - - [11/Apr/2018:16:48:57 +0800] "GET /resources/css/style_log.css HTTP/1.1" 304 -
0:0:0:0:0:0:0:1 - - [11/Apr/2018:16:48:57 +0800] "GET /resources/css/login_style.css HTTP/1.1" 304 -
0:0:0:0:0:0:0:1 - - [11/Apr/2018:16:48:57 +0800] "GET /resources/css/userpanel.css HTTP/1.1" 304 -
0:0:0:0:0:0:0:1 - - [11/Apr/2018:16:48:57 +0800] "GET /resources/css/jquery.ui.all.css HTTP/1.1" 304 -
0:0:0:0:0:0:0:1 - - [11/Apr/2018:16:48:57 +0800] "GET /resources/imgs/logo.png HTTP/1.1" 200 35865
0:0:0:0:0:0:0:1 - - [11/Apr/2018:16:48:57 +0800] "GET /resources/css/jquery.ui.base.css HTTP/1.1" 404 147
0:0:0:0:0:0:0:1 - - [11/Apr/2018:16:48:57 +0800] "GET /resources/css/jquery.ui.theme.css HTTP/1.1" 404 148
0:0:0:0:0:0:0:1 - - [11/Apr/2018:16:48:57 +0800] "GET /resources/imgs/login_m_bg.png HTTP/1.1" 304 -
0:0:0:0:0:0:0:1 - - [11/Apr/2018:16:48:57 +0800] "GET /resources/imgs/login_bgx.png HTTP/1.1" 304 -
0:0:0:0:0:0:0:1 - - [11/Apr/2018:16:48:57 +0800] "GET /resources/imgs/site_bg.png HTTP/1.1" 304 -
0:0:0:0:0:0:0:1 - - [11/Apr/2018:16:48:57 +0800] "GET /resources/imgs/txt_input_bg.gif HTTP/1.1" 404 146
0:0:0:0:0:0:0:1 - - [11/Apr/2018:16:48:57 +0800] "GET /favicon.ico HTTP/1.1" 200 946
0:0:0:0:0:0:0:1 - - [11/Apr/2018:16:48:58 +0800] "GET /demo/fan HTTP/1.1" 200 2724
0:0:0:0:0:0:0:1 - - [11/Apr/2018:16:48:58 +0800] "GET /resources/css/jquery.ui.theme.css HTTP/1.1" 404 148
0:0:0:0:0:0:0:1 - - [11/Apr/2018:16:48:58 +0800] "GET /resources/css/jquery.ui.base.css HTTP/1.1" 404 147
0:0:0:0:0:0:0:1 - - [11/Apr/2018:16:48:58 +0800] "GET /favicon.ico HTTP/1.1" 200 946
0:0:0:0:0:0:0:1 - - [11/Apr/2018:16:49:14 +0800] "GET /resources/css/jquery.ui.theme.css HTTP/1.1" 404 148
0:0:0:0:0:0:0:1 - - [11/Apr/2018:16:49:14 +0800] "GET /resources/css/jquery.ui.base.css HTTP/1.1" 404 147
0:0:0:0:0:0:0:1 - - [11/Apr/2018:16:49:51 +0800] "GET /demo/fan HTTP/1.1" 200 2733
0:0:0:0:0:0:0:1 - - [11/Apr/2018:16:49:51 +0800] "GET /resources/css/style_log.css HTTP/1.1" 304 -
0:0:0:0:0:0:0:1 - - [11/Apr/2018:16:49:51 +0800] "GET /resources/imgs/logo.png HTTP/1.1" 304 -
0:0:0:0:0:0:0:1 - - [11/Apr/2018:16:49:51 +0800] "GET /resources/css/jquery.ui.theme.css HTTP/1.1" 404 148
0:0:0:0:0:0:0:1 - - [11/Apr/2018:16:49:51 +0800] "GET /resources/css/jquery.ui.base.css HTTP/1.1" 404 147
0:0:0:0:0:0:0:1 - - [11/Apr/2018:16:50:33 +0800] "GET /demo/fan HTTP/1.1" 200 2697
0:0:0:0:0:0:0:1 - - [11/Apr/2018:16:50:33 +0800] "GET /resources/css/jquery.ui.theme.css HTTP/1.1" 404 148
0:0:0:0:0:0:0:1 - - [11/Apr/2018:16:50:33 +0800] "GET /resources/css/jquery.ui.base.css HTTP/1.1" 404 147
0:0:0:0:0:0:0:1 - - [11/Apr/2018:16:50:33 +0800] "GET /favicon.ico HTTP/1.1" 200 946
